<?xml version="1.0" encoding="UTF-8"?>
<robot generator="Robot 4.0.3 (Python 3.9.5 on win32)" generated="20220829 17:15:43.492" rpa="false" schemaversion="2">
<suite id="s1" name="CategoryLandingPage" source="C:\Users\Seda\PycharmProjects\pythonProject\Sokos\TestCases\CategoryLandingPage.robot">
<kw name="Open and Setup Enviroment" library="SetUp&amp;TearDown" type="SETUP">
<kw name="Open Browser" library="SeleniumLibrary">
<arg>${Url}</arg>
<arg>${Browser}</arg>
<doc>Opens a new browser instance to the optional ``url``.</doc>
<msg timestamp="20220829 17:15:44.630" level="INFO">Opening browser 'Chrome' to base url 'https://www.sokos.fi/fi/sokos'.</msg>
<status status="PASS" starttime="20220829 17:15:44.630" endtime="20220829 17:15:51.018"/>
</kw>
<kw name="Maximize Browser Window" library="SeleniumLibrary">
<doc>Maximizes current browser window.</doc>
<status status="PASS" starttime="20220829 17:15:51.018" endtime="20220829 17:15:51.469"/>
</kw>
<kw name="Accept Cookies" library="SetUp&amp;TearDown">
<kw name="Click Element When Visible" library="Essential">
<arg>${AcceptCookies}</arg>
<kw name="Wait Until Element Is Visible" library="SeleniumLibrary">
<arg>${argument_location}</arg>
<arg>${wait_time_out}</arg>
<doc>Waits until the element ``locator`` is visible.</doc>
<status status="PASS" starttime="20220829 17:15:51.471" endtime="20220829 17:15:52.067"/>
</kw>
<kw name="Scroll Element Into View" library="SeleniumLibrary">
<arg>${argument_location}</arg>
<doc>Scrolls the element identified by ``locator`` into view.</doc>
<status status="PASS" starttime="20220829 17:15:52.067" endtime="20220829 17:15:52.386"/>
</kw>
<kw name="Click Element" library="SeleniumLibrary">
<arg>${argument_location}</arg>
<doc>Click the element identified by ``locator``.</doc>
<msg timestamp="20220829 17:15:52.387" level="INFO">Clicking element '//*[@class='light-button accept']'.</msg>
<status status="PASS" starttime="20220829 17:15:52.386" endtime="20220829 17:15:53.055"/>
</kw>
<status status="PASS" starttime="20220829 17:15:51.470" endtime="20220829 17:15:53.056"/>
</kw>
<status status="PASS" starttime="20220829 17:15:51.469" endtime="20220829 17:15:53.056"/>
</kw>
<status status="PASS" starttime="20220829 17:15:44.629" endtime="20220829 17:15:53.056"/>
</kw>
<test id="s1-t1" name="Kosmetiikka">
<kw name="Go to Catagory Landing Page" library="MainScenarios">
<arg>Kosmetiikka</arg>
<kw name="Click Element When Visible" library="Essential">
<arg>//*[@id='departmentsMenu1']/descendant::*[contains(text(),'${CatagoryPage}')]</arg>
<kw name="Wait Until Element Is Visible" library="SeleniumLibrary">
<arg>${argument_location}</arg>
<arg>${wait_time_out}</arg>
<doc>Waits until the element ``locator`` is visible.</doc>
<status status="PASS" starttime="20220829 17:15:53.071" endtime="20220829 17:15:53.128"/>
</kw>
<kw name="Scroll Element Into View" library="SeleniumLibrary">
<arg>${argument_location}</arg>
<doc>Scrolls the element identified by ``locator`` into view.</doc>
<status status="PASS" starttime="20220829 17:15:53.128" endtime="20220829 17:15:53.423"/>
</kw>
<kw name="Click Element" library="SeleniumLibrary">
<arg>${argument_location}</arg>
<doc>Click the element identified by ``locator``.</doc>
<msg timestamp="20220829 17:15:53.426" level="INFO">Clicking element '//*[@id='departmentsMenu1']/descendant::*[contains(text(),'Kosmetiikka')]'.</msg>
<status status="PASS" starttime="20220829 17:15:53.424" endtime="20220829 17:16:04.992"/>
</kw>
<status status="PASS" starttime="20220829 17:15:53.071" endtime="20220829 17:16:04.992"/>
</kw>
<kw name="Get Text" library="SeleniumLibrary">
<var>${h1_header}</var>
<arg>//h1</arg>
<doc>Returns the text value of the element identified by ``locator``.</doc>
<msg timestamp="20220829 17:16:10.367" level="INFO">${h1_header} = Kosmetiikka</msg>
<status status="PASS" starttime="20220829 17:16:04.993" endtime="20220829 17:16:10.367"/>
</kw>
<kw name="Should Be Equal As Strings" library="BuiltIn">
<arg>${h1_header}</arg>
<arg>${CatagoryPage}</arg>
<doc>Fails if objects are unequal after converting them to strings.</doc>
<status status="PASS" starttime="20220829 17:16:10.367" endtime="20220829 17:16:10.368"/>
</kw>
<status status="PASS" starttime="20220829 17:15:53.071" endtime="20220829 17:16:10.368"/>
</kw>
<kw name="Verify Content Slider" library="MainScenarios">
<kw name="Element Should Be Visible" library="SeleniumLibrary">
<arg>${KosmatiikkaHandleBanner}</arg>
<arg>${wait_time_out_long}</arg>
<doc>Verifies that the element identified by ``locator`` is visible.</doc>
<msg timestamp="20220829 17:16:10.564" level="INFO">Element '//*[@class='carousel slide']' is displayed.</msg>
<status status="PASS" starttime="20220829 17:16:10.370" endtime="20220829 17:16:10.564"/>
</kw>
<status status="PASS" starttime="20220829 17:16:10.369" endtime="20220829 17:16:10.564"/>
</kw>
<kw name="Verify Sub-Catagories" library="MainScenarios">
<kw name="Get Element Count" library="SeleniumLibrary">
<var>${CountSubCatagory}</var>
<arg>${SubCatagories}</arg>
<doc>Returns the number of elements matching ``locator``.</doc>
<msg timestamp="20220829 17:16:10.637" level="INFO">${CountSubCatagory} = 9</msg>
<status status="PASS" starttime="20220829 17:16:10.566" endtime="20220829 17:16:10.637"/>
</kw>
<kw name="Log To Console" library="BuiltIn">
<arg>There are ${CountSubCatagory} sub category.</arg>
<doc>Logs the given message to the console.</doc>
<status status="PASS" starttime="20220829 17:16:10.637" endtime="20220829 17:16:10.638"/>
</kw>
<for flavor="IN RANGE">
<var>${subCatagory}</var>
<value>1</value>
<value>${CountSubCatagory}+1</value>
<iter>
<var name="${subCatagory}">1</var>
<kw name="Set Focus To Element" library="SeleniumLibrary">
<arg>(${SubCatagories})[${subCatagory}]</arg>
<doc>Sets the focus to the element identified by ``locator``.</doc>
<status status="PASS" starttime="20220829 17:16:10.639" endtime="20220829 17:16:11.061"/>
</kw>
<kw name="Element Should Be Visible" library="SeleniumLibrary">
<arg>(${SubCatagories})[${subCatagory}]</arg>
<doc>Verifies that the element identified by ``locator`` is visible.</doc>
<msg timestamp="20220829 17:16:11.123" level="INFO">Element '(//*[@class='col-md-4 col-sm-4 column col-6'])[1]' is displayed.</msg>
<status status="PASS" starttime="20220829 17:16:11.062" endtime="20220829 17:16:11.123"/>
</kw>
<status status="PASS" starttime="20220829 17:16:10.639" endtime="20220829 17:16:11.123"/>
</iter>
<iter>
<var name="${subCatagory}">2</var>
<kw name="Set Focus To Element" library="SeleniumLibrary">
<arg>(${SubCatagories})[${subCatagory}]</arg>
<doc>Sets the focus to the element identified by ``locator``.</doc>
<status status="PASS" starttime="20220829 17:16:11.123" endtime="20220829 17:16:11.176"/>
</kw>
<kw name="Element Should Be Visible" library="SeleniumLibrary">
<arg>(${SubCatagories})[${subCatagory}]</arg>
<doc>Verifies that the element identified by ``locator`` is visible.</doc>
<msg timestamp="20220829 17:16:11.223" level="INFO">Element '(//*[@class='col-md-4 col-sm-4 column col-6'])[2]' is displayed.</msg>
<status status="PASS" starttime="20220829 17:16:11.176" endtime="20220829 17:16:11.223"/>
</kw>
<status status="PASS" starttime="20220829 17:16:11.123" endtime="20220829 17:16:11.223"/>
</iter>
<iter>
<var name="${subCatagory}">3</var>
<kw name="Set Focus To Element" library="SeleniumLibrary">
<arg>(${SubCatagories})[${subCatagory}]</arg>
<doc>Sets the focus to the element identified by ``locator``.</doc>
<status status="PASS" starttime="20220829 17:16:11.223" endtime="20220829 17:16:11.254"/>
</kw>
<kw name="Element Should Be Visible" library="SeleniumLibrary">
<arg>(${SubCatagories})[${subCatagory}]</arg>
<doc>Verifies that the element identified by ``locator`` is visible.</doc>
<msg timestamp="20220829 17:16:11.317" level="INFO">Element '(//*[@class='col-md-4 col-sm-4 column col-6'])[3]' is displayed.</msg>
<status status="PASS" starttime="20220829 17:16:11.254" endtime="20220829 17:16:11.317"/>
</kw>
<status status="PASS" starttime="20220829 17:16:11.223" endtime="20220829 17:16:11.317"/>
</iter>
<iter>
<var name="${subCatagory}">4</var>
<kw name="Set Focus To Element" library="SeleniumLibrary">
<arg>(${SubCatagories})[${subCatagory}]</arg>
<doc>Sets the focus to the element identified by ``locator``.</doc>
<status status="PASS" starttime="20220829 17:16:11.317" endtime="20220829 17:16:11.376"/>
</kw>
<kw name="Element Should Be Visible" library="SeleniumLibrary">
<arg>(${SubCatagories})[${subCatagory}]</arg>
<doc>Verifies that the element identified by ``locator`` is visible.</doc>
<msg timestamp="20220829 17:16:11.422" level="INFO">Element '(//*[@class='col-md-4 col-sm-4 column col-6'])[4]' is displayed.</msg>
<status status="PASS" starttime="20220829 17:16:11.376" endtime="20220829 17:16:11.422"/>
</kw>
<status status="PASS" starttime="20220829 17:16:11.317" endtime="20220829 17:16:11.422"/>
</iter>
<iter>
<var name="${subCatagory}">5</var>
<kw name="Set Focus To Element" library="SeleniumLibrary">
<arg>(${SubCatagories})[${subCatagory}]</arg>
<doc>Sets the focus to the element identified by ``locator``.</doc>
<status status="PASS" starttime="20220829 17:16:11.422" endtime="20220829 17:16:11.469"/>
</kw>
<kw name="Element Should Be Visible" library="SeleniumLibrary">
<arg>(${SubCatagories})[${subCatagory}]</arg>
<doc>Verifies that the element identified by ``locator`` is visible.</doc>
<msg timestamp="20220829 17:16:11.516" level="INFO">Element '(//*[@class='col-md-4 col-sm-4 column col-6'])[5]' is displayed.</msg>
<status status="PASS" starttime="20220829 17:16:11.469" endtime="20220829 17:16:11.516"/>
</kw>
<status status="PASS" starttime="20220829 17:16:11.422" endtime="20220829 17:16:11.516"/>
</iter>
<iter>
<var name="${subCatagory}">6</var>
<kw name="Set Focus To Element" library="SeleniumLibrary">
<arg>(${SubCatagories})[${subCatagory}]</arg>
<doc>Sets the focus to the element identified by ``locator``.</doc>
<status status="PASS" starttime="20220829 17:16:11.516" endtime="20220829 17:16:11.562"/>
</kw>
<kw name="Element Should Be Visible" library="SeleniumLibrary">
<arg>(${SubCatagories})[${subCatagory}]</arg>
<doc>Verifies that the element identified by ``locator`` is visible.</doc>
<msg timestamp="20220829 17:16:11.609" level="INFO">Element '(//*[@class='col-md-4 col-sm-4 column col-6'])[6]' is displayed.</msg>
<status status="PASS" starttime="20220829 17:16:11.562" endtime="20220829 17:16:11.609"/>
</kw>
<status status="PASS" starttime="20220829 17:16:11.516" endtime="20220829 17:16:11.609"/>
</iter>
<iter>
<var name="${subCatagory}">7</var>
<kw name="Set Focus To Element" library="SeleniumLibrary">
<arg>(${SubCatagories})[${subCatagory}]</arg>
<doc>Sets the focus to the element identified by ``locator``.</doc>
<status status="PASS" starttime="20220829 17:16:11.609" endtime="20220829 17:16:11.656"/>
</kw>
<kw name="Element Should Be Visible" library="SeleniumLibrary">
<arg>(${SubCatagories})[${subCatagory}]</arg>
<doc>Verifies that the element identified by ``locator`` is visible.</doc>
<msg timestamp="20220829 17:16:11.703" level="INFO">Element '(//*[@class='col-md-4 col-sm-4 column col-6'])[7]' is displayed.</msg>
<status status="PASS" starttime="20220829 17:16:11.656" endtime="20220829 17:16:11.703"/>
</kw>
<status status="PASS" starttime="20220829 17:16:11.609" endtime="20220829 17:16:11.703"/>
</iter>
<iter>
<var name="${subCatagory}">8</var>
<kw name="Set Focus To Element" library="SeleniumLibrary">
<arg>(${SubCatagories})[${subCatagory}]</arg>
<doc>Sets the focus to the element identified by ``locator``.</doc>
<status status="PASS" starttime="20220829 17:16:11.703" endtime="20220829 17:16:11.750"/>
</kw>
<kw name="Element Should Be Visible" library="SeleniumLibrary">
<arg>(${SubCatagories})[${subCatagory}]</arg>
<doc>Verifies that the element identified by ``locator`` is visible.</doc>
<msg timestamp="20220829 17:16:11.797" level="INFO">Element '(//*[@class='col-md-4 col-sm-4 column col-6'])[8]' is displayed.</msg>
<status status="PASS" starttime="20220829 17:16:11.750" endtime="20220829 17:16:11.797"/>
</kw>
<status status="PASS" starttime="20220829 17:16:11.703" endtime="20220829 17:16:11.797"/>
</iter>
<iter>
<var name="${subCatagory}">9</var>
<kw name="Set Focus To Element" library="SeleniumLibrary">
<arg>(${SubCatagories})[${subCatagory}]</arg>
<doc>Sets the focus to the element identified by ``locator``.</doc>
<status status="PASS" starttime="20220829 17:16:11.797" endtime="20220829 17:16:11.844"/>
</kw>
<kw name="Element Should Be Visible" library="SeleniumLibrary">
<arg>(${SubCatagories})[${subCatagory}]</arg>
<doc>Verifies that the element identified by ``locator`` is visible.</doc>
<msg timestamp="20220829 17:16:11.891" level="INFO">Element '(//*[@class='col-md-4 col-sm-4 column col-6'])[9]' is displayed.</msg>
<status status="PASS" starttime="20220829 17:16:11.844" endtime="20220829 17:16:11.891"/>
</kw>
<status status="PASS" starttime="20220829 17:16:11.797" endtime="20220829 17:16:11.891"/>
</iter>
<status status="PASS" starttime="20220829 17:16:10.638" endtime="20220829 17:16:11.891"/>
</for>
<status status="PASS" starttime="20220829 17:16:10.565" endtime="20220829 17:16:11.891"/>
</kw>
<kw name="Verify Brands Content" library="MainScenarios">
<kw name="Get Element Count" library="SeleniumLibrary">
<var>${CountOfBrands}</var>
<arg>${BrandContent}</arg>
<doc>Returns the number of elements matching ``locator``.</doc>
<msg timestamp="20220829 17:16:11.937" level="INFO">${CountOfBrands} = 8</msg>
<status status="PASS" starttime="20220829 17:16:11.891" endtime="20220829 17:16:11.937"/>
</kw>
<kw name="Log To Console" library="BuiltIn">
<arg>There are ${CountOfBrands} brands</arg>
<doc>Logs the given message to the console.</doc>
<status status="PASS" starttime="20220829 17:16:11.937" endtime="20220829 17:16:11.937"/>
</kw>
<for flavor="IN RANGE">
<var>${brand}</var>
<value>1</value>
<value>${CountOfBrands}+1</value>
<iter>
<var name="${brand}">1</var>
<kw name="Set Focus To Element" library="SeleniumLibrary">
<arg>(${BrandContent})[${brand}]</arg>
<doc>Sets the focus to the element identified by ``locator``.</doc>
<status status="PASS" starttime="20220829 17:16:11.937" endtime="20220829 17:16:11.984"/>
</kw>
<kw name="Element Should Be Visible" library="SeleniumLibrary">
<arg>(${BrandContent})[${brand}]</arg>
<doc>Verifies that the element identified by ``locator`` is visible.</doc>
<msg timestamp="20220829 17:16:12.078" level="INFO">Element '(//*[@class='col-md-3 col-sm-3 column col-6'])[1]' is displayed.</msg>
<status status="PASS" starttime="20220829 17:16:11.984" endtime="20220829 17:16:12.078"/>
</kw>
<status status="PASS" starttime="20220829 17:16:11.937" endtime="20220829 17:16:12.078"/>
</iter>
<iter>
<var name="${brand}">2</var>
<kw name="Set Focus To Element" library="SeleniumLibrary">
<arg>(${BrandContent})[${brand}]</arg>
<doc>Sets the focus to the element identified by ``locator``.</doc>
<status status="PASS" starttime="20220829 17:16:12.078" endtime="20220829 17:16:12.187"/>
</kw>
<kw name="Element Should Be Visible" library="SeleniumLibrary">
<arg>(${BrandContent})[${brand}]</arg>
<doc>Verifies that the element identified by ``locator`` is visible.</doc>
<msg timestamp="20220829 17:16:12.265" level="INFO">Element '(//*[@class='col-md-3 col-sm-3 column col-6'])[2]' is displayed.</msg>
<status status="PASS" starttime="20220829 17:16:12.187" endtime="20220829 17:16:12.265"/>
</kw>
<status status="PASS" starttime="20220829 17:16:12.078" endtime="20220829 17:16:12.265"/>
</iter>
<iter>
<var name="${brand}">3</var>
<kw name="Set Focus To Element" library="SeleniumLibrary">
<arg>(${BrandContent})[${brand}]</arg>
<doc>Sets the focus to the element identified by ``locator``.</doc>
<status status="PASS" starttime="20220829 17:16:12.265" endtime="20220829 17:16:12.312"/>
</kw>
<kw name="Element Should Be Visible" library="SeleniumLibrary">
<arg>(${BrandContent})[${brand}]</arg>
<doc>Verifies that the element identified by ``locator`` is visible.</doc>
<msg timestamp="20220829 17:16:12.375" level="INFO">Element '(//*[@class='col-md-3 col-sm-3 column col-6'])[3]' is displayed.</msg>
<status status="PASS" starttime="20220829 17:16:12.312" endtime="20220829 17:16:12.375"/>
</kw>
<status status="PASS" starttime="20220829 17:16:12.265" endtime="20220829 17:16:12.375"/>
</iter>
<iter>
<var name="${brand}">4</var>
<kw name="Set Focus To Element" library="SeleniumLibrary">
<arg>(${BrandContent})[${brand}]</arg>
<doc>Sets the focus to the element identified by ``locator``.</doc>
<status status="PASS" starttime="20220829 17:16:12.375" endtime="20220829 17:16:12.437"/>
</kw>
<kw name="Element Should Be Visible" library="SeleniumLibrary">
<arg>(${BrandContent})[${brand}]</arg>
<doc>Verifies that the element identified by ``locator`` is visible.</doc>
<msg timestamp="20220829 17:16:12.500" level="INFO">Element '(//*[@class='col-md-3 col-sm-3 column col-6'])[4]' is displayed.</msg>
<status status="PASS" starttime="20220829 17:16:12.437" endtime="20220829 17:16:12.500"/>
</kw>
<status status="PASS" starttime="20220829 17:16:12.375" endtime="20220829 17:16:12.500"/>
</iter>
<iter>
<var name="${brand}">5</var>
<kw name="Set Focus To Element" library="SeleniumLibrary">
<arg>(${BrandContent})[${brand}]</arg>
<doc>Sets the focus to the element identified by ``locator``.</doc>
<status status="PASS" starttime="20220829 17:16:12.500" endtime="20220829 17:16:12.578"/>
</kw>
<kw name="Element Should Be Visible" library="SeleniumLibrary">
<arg>(${BrandContent})[${brand}]</arg>
<doc>Verifies that the element identified by ``locator`` is visible.</doc>
<msg timestamp="20220829 17:16:12.640" level="INFO">Element '(//*[@class='col-md-3 col-sm-3 column col-6'])[5]' is displayed.</msg>
<status status="PASS" starttime="20220829 17:16:12.578" endtime="20220829 17:16:12.640"/>
</kw>
<status status="PASS" starttime="20220829 17:16:12.500" endtime="20220829 17:16:12.640"/>
</iter>
<iter>
<var name="${brand}">6</var>
<kw name="Set Focus To Element" library="SeleniumLibrary">
<arg>(${BrandContent})[${brand}]</arg>
<doc>Sets the focus to the element identified by ``locator``.</doc>
<status status="PASS" starttime="20220829 17:16:12.640" endtime="20220829 17:16:12.719"/>
</kw>
<kw name="Element Should Be Visible" library="SeleniumLibrary">
<arg>(${BrandContent})[${brand}]</arg>
<doc>Verifies that the element identified by ``locator`` is visible.</doc>
<msg timestamp="20220829 17:16:12.797" level="INFO">Element '(//*[@class='col-md-3 col-sm-3 column col-6'])[6]' is displayed.</msg>
<status status="PASS" starttime="20220829 17:16:12.719" endtime="20220829 17:16:12.797"/>
</kw>
<status status="PASS" starttime="20220829 17:16:12.640" endtime="20220829 17:16:12.797"/>
</iter>
<iter>
<var name="${brand}">7</var>
<kw name="Set Focus To Element" library="SeleniumLibrary">
<arg>(${BrandContent})[${brand}]</arg>
<doc>Sets the focus to the element identified by ``locator``.</doc>
<status status="PASS" starttime="20220829 17:16:12.797" endtime="20220829 17:16:12.844"/>
</kw>
<kw name="Element Should Be Visible" library="SeleniumLibrary">
<arg>(${BrandContent})[${brand}]</arg>
<doc>Verifies that the element identified by ``locator`` is visible.</doc>
<msg timestamp="20220829 17:16:12.890" level="INFO">Element '(//*[@class='col-md-3 col-sm-3 column col-6'])[7]' is displayed.</msg>
<status status="PASS" starttime="20220829 17:16:12.844" endtime="20220829 17:16:12.890"/>
</kw>
<status status="PASS" starttime="20220829 17:16:12.797" endtime="20220829 17:16:12.890"/>
</iter>
<iter>
<var name="${brand}">8</var>
<kw name="Set Focus To Element" library="SeleniumLibrary">
<arg>(${BrandContent})[${brand}]</arg>
<doc>Sets the focus to the element identified by ``locator``.</doc>
<status status="PASS" starttime="20220829 17:16:12.890" endtime="20220829 17:16:12.937"/>
</kw>
<kw name="Element Should Be Visible" library="SeleniumLibrary">
<arg>(${BrandContent})[${brand}]</arg>
<doc>Verifies that the element identified by ``locator`` is visible.</doc>
<msg timestamp="20220829 17:16:12.984" level="INFO">Element '(//*[@class='col-md-3 col-sm-3 column col-6'])[8]' is displayed.</msg>
<status status="PASS" starttime="20220829 17:16:12.937" endtime="20220829 17:16:12.984"/>
</kw>
<status status="PASS" starttime="20220829 17:16:12.890" endtime="20220829 17:16:12.984"/>
</iter>
<status status="PASS" starttime="20220829 17:16:11.937" endtime="20220829 17:16:12.984"/>
</for>
<status status="PASS" starttime="20220829 17:16:11.891" endtime="20220829 17:16:12.984"/>
</kw>
<kw name="Verify Product Suggestion Sliders" library="MainScenarios">
<kw name="Get Element Count" library="SeleniumLibrary">
<var>${SliderCount}</var>
<arg>${SuggestionSliders}</arg>
<doc>Returns the number of elements matching ``locator``.</doc>
<msg timestamp="20220829 17:16:13.031" level="INFO">${SliderCount} = 2</msg>
<status status="PASS" starttime="20220829 17:16:12.984" endtime="20220829 17:16:13.031"/>
</kw>
<kw name="Log To Console" library="BuiltIn">
<arg>There are ${SliderCount} sliders</arg>
<doc>Logs the given message to the console.</doc>
<status status="PASS" starttime="20220829 17:16:13.031" endtime="20220829 17:16:13.031"/>
</kw>
<for flavor="IN RANGE">
<var>${slider}</var>
<value>1</value>
<value>${SliderCount}+1</value>
<iter>
<var name="${slider}">1</var>
<kw name="Get Element Count" library="SeleniumLibrary">
<var>${ProductCount}</var>
<arg>(${SuggestionSliders})[${slider}]/descendant::*${SuggestionSliderProducts}</arg>
<doc>Returns the number of elements matching ``locator``.</doc>
<msg timestamp="20220829 17:16:13.078" level="INFO">${ProductCount} = 18</msg>
<status status="PASS" starttime="20220829 17:16:13.031" endtime="20220829 17:16:13.078"/>
</kw>
<kw name="Log To Console" library="BuiltIn">
<arg>There are ${ProductCount} products on ${slider} slider</arg>
<doc>Logs the given message to the console.</doc>
<status status="PASS" starttime="20220829 17:16:13.078" endtime="20220829 17:16:13.094"/>
</kw>
<kw name="Scroll Element Into View" library="SeleniumLibrary">
<arg>(${SuggestionSliders})[${slider}]</arg>
<doc>Scrolls the element identified by ``locator`` into view.</doc>
<status status="PASS" starttime="20220829 17:16:13.094" endtime="20220829 17:16:13.965"/>
</kw>
<for flavor="IN RANGE">
<var>${product}</var>
<value>1</value>
<value>${ProductCount}+1</value>
<iter>
<var name="${product}">1</var>
<kw name="Click Other Element Until Visible" library="Essential">
<arg>((${SuggestionSliders})[${slider}]/descendant::*${SuggestionSliderProducts})[${product}]</arg>
<arg>((${SuggestionSliders})[${slider}]/descendant::*${Page_LinkNext})</arg>
<kw name="Register Keyword To Run On Failure" library="SeleniumLibrary">
<arg>NONE</arg>
<doc>Sets the keyword to execute, when a SeleniumLibrary keyword fails.</doc>
<msg timestamp="20220829 17:16:13.967" level="INFO">No keyword will be run on failure.</msg>
<status status="PASS" starttime="20220829 17:16:13.966" endtime="20220829 17:16:13.967"/>
</kw>
<kw name="Run Keyword And Ignore Error" library="BuiltIn">
<var>${status}</var>
<var>${error}</var>
<arg>element should be visible</arg>
<arg>${argumentNotVisible}</arg>
<arg>${wait_time_out_shortest}</arg>
<doc>Runs the given keyword with the given arguments and ignores possible error.</doc>
<kw name="Element Should Be Visible" library="SeleniumLibrary">
<arg>${argumentNotVisible}</arg>
<arg>${wait_time_out_shortest}</arg>
<doc>Verifies that the element identified by ``locator`` is visible.</doc>
<msg timestamp="20220829 17:16:14.038" level="INFO">Element '((//*[@class='catalogEntryRecommendationWidget recommended  iospot'])[1]/descendant::*//*[@class='img-responsive vertical-align-middle m-auto'])[1]' is displayed.</msg>
<status status="PASS" starttime="20220829 17:16:13.967" endtime="20220829 17:16:14.038"/>
</kw>
<msg timestamp="20220829 17:16:14.038" level="INFO">${status} = PASS</msg>
<msg timestamp="20220829 17:16:14.038" level="INFO">${error} = None</msg>
<status status="PASS" starttime="20220829 17:16:13.967" endtime="20220829 17:16:14.038"/>
</kw>
<kw name="Run Keyword If" library="BuiltIn">
<arg>'${status}'=='FAIL'</arg>
<arg>Click with Javascript</arg>
<arg>${argumentOtherElement}</arg>
<doc>Runs the given keyword with the given arguments, if ``condition`` is true.</doc>
<status status="PASS" starttime="20220829 17:16:14.039" endtime="20220829 17:16:14.039"/>
</kw>
<kw name="Register Keyword To Run On Failure" library="SeleniumLibrary">
<arg>capture page screenshot</arg>
<doc>Sets the keyword to execute, when a SeleniumLibrary keyword fails.</doc>
<msg timestamp="20220829 17:16:14.039" level="INFO">capture page screenshot will be run on failure.</msg>
<status status="PASS" starttime="20220829 17:16:14.039" endtime="20220829 17:16:14.040"/>
</kw>
<status status="PASS" starttime="20220829 17:16:13.965" endtime="20220829 17:16:14.040"/>
</kw>
<kw name="Scroll Element Into View" library="SeleniumLibrary">
<arg>((${SuggestionSliders})[${slider}]/descendant::*${SuggestionSliderProducts})[${product}]</arg>
<doc>Scrolls the element identified by ``locator`` into view.</doc>
<status status="PASS" starttime="20220829 17:16:14.040" endtime="20220829 17:16:14.367"/>
</kw>
<kw name="Set Focus To Element" library="SeleniumLibrary">
<arg>((${SuggestionSliders})[${slider}]/descendant::*${SuggestionSliderProducts})[${product}]</arg>
<doc>Sets the focus to the element identified by ``locator``.</doc>
<status status="PASS" starttime="20220829 17:16:14.368" endtime="20220829 17:16:14.437"/>
</kw>
<kw name="Element Should Be Visible" library="SeleniumLibrary">
<arg>((${SuggestionSliders})[${slider}]/descendant::*${SuggestionSliderProducts})[${product}]</arg>
<doc>Verifies that the element identified by ``locator`` is visible.</doc>
<msg timestamp="20220829 17:16:14.513" level="INFO">Element '((//*[@class='catalogEntryRecommendationWidget recommended  iospot'])[1]/descendant::*//*[@class='img-responsive vertical-align-middle m-auto'])[1]' is displayed.</msg>
<status status="PASS" starttime="20220829 17:16:14.437" endtime="20220829 17:16:14.513"/>
</kw>
<status status="PASS" starttime="20220829 17:16:13.965" endtime="20220829 17:16:14.513"/>
</iter>
<iter>
<var name="${product}">2</var>
<kw name="Click Other Element Until Visible" library="Essential">
<arg>((${SuggestionSliders})[${slider}]/descendant::*${SuggestionSliderProducts})[${product}]</arg>
<arg>((${SuggestionSliders})[${slider}]/descendant::*${Page_LinkNext})</arg>
<kw name="Register Keyword To Run On Failure" library="SeleniumLibrary">
<arg>NONE</arg>
<doc>Sets the keyword to execute, when a SeleniumLibrary keyword fails.</doc>
<msg timestamp="20220829 17:16:14.514" level="INFO">No keyword will be run on failure.</msg>
<status status="PASS" starttime="20220829 17:16:14.514" endtime="20220829 17:16:14.514"/>
</kw>
<kw name="Run Keyword And Ignore Error" library="BuiltIn">
<var>${status}</var>
<var>${error}</var>
<arg>element should be visible</arg>
<arg>${argumentNotVisible}</arg>
<arg>${wait_time_out_shortest}</arg>
<doc>Runs the given keyword with the given arguments and ignores possible error.</doc>
<kw name="Element Should Be Visible" library="SeleniumLibrary">
<arg>${argumentNotVisible}</arg>
<arg>${wait_time_out_shortest}</arg>
<doc>Verifies that the element identified by ``locator`` is visible.</doc>
<msg timestamp="20220829 17:16:14.632" level="INFO">Element '((//*[@class='catalogEntryRecommendationWidget recommended  iospot'])[1]/descendant::*//*[@class='img-responsive vertical-align-middle m-auto'])[2]' is displayed.</msg>
<status status="PASS" starttime="20220829 17:16:14.515" endtime="20220829 17:16:14.632"/>
</kw>
<msg timestamp="20220829 17:16:14.632" level="INFO">${status} = PASS</msg>
<msg timestamp="20220829 17:16:14.632" level="INFO">${error} = None</msg>
<status status="PASS" starttime="20220829 17:16:14.514" endtime="20220829 17:16:14.633"/>
</kw>
<kw name="Run Keyword If" library="BuiltIn">
<arg>'${status}'=='FAIL'</arg>
<arg>Click with Javascript</arg>
<arg>${argumentOtherElement}</arg>
<doc>Runs the given keyword with the given arguments, if ``condition`` is true.</doc>
<status status="PASS" starttime="20220829 17:16:14.633" endtime="20220829 17:16:14.634"/>
</kw>
<kw name="Register Keyword To Run On Failure" library="SeleniumLibrary">
<arg>capture page screenshot</arg>
<doc>Sets the keyword to execute, when a SeleniumLibrary keyword fails.</doc>
<msg timestamp="20220829 17:16:14.634" level="INFO">capture page screenshot will be run on failure.</msg>
<status status="PASS" starttime="20220829 17:16:14.634" endtime="20220829 17:16:14.634"/>
</kw>
<status status="PASS" starttime="20220829 17:16:14.513" endtime="20220829 17:16:14.635"/>
</kw>
<kw name="Scroll Element Into View" library="SeleniumLibrary">
<arg>((${SuggestionSliders})[${slider}]/descendant::*${SuggestionSliderProducts})[${product}]</arg>
<doc>Scrolls the element identified by ``locator`` into view.</doc>
<status status="PASS" starttime="20220829 17:16:14.635" endtime="20220829 17:16:14.981"/>
</kw>
<kw name="Set Focus To Element" library="SeleniumLibrary">
<arg>((${SuggestionSliders})[${slider}]/descendant::*${SuggestionSliderProducts})[${product}]</arg>
<doc>Sets the focus to the element identified by ``locator``.</doc>
<status status="PASS" starttime="20220829 17:16:14.981" endtime="20220829 17:16:15.042"/>
</kw>
<kw name="Element Should Be Visible" library="SeleniumLibrary">
<arg>((${SuggestionSliders})[${slider}]/descendant::*${SuggestionSliderProducts})[${product}]</arg>
<doc>Verifies that the element identified by ``locator`` is visible.</doc>
<msg timestamp="20220829 17:16:15.190" level="INFO">Element '((//*[@class='catalogEntryRecommendationWidget recommended  iospot'])[1]/descendant::*//*[@class='img-responsive vertical-align-middle m-auto'])[2]' is displayed.</msg>
<status status="PASS" starttime="20220829 17:16:15.043" endtime="20220829 17:16:15.191"/>
</kw>
<status status="PASS" starttime="20220829 17:16:14.513" endtime="20220829 17:16:15.191"/>
</iter>
<iter>
<var name="${product}">3</var>
<kw name="Click Other Element Until Visible" library="Essential">
<arg>((${SuggestionSliders})[${slider}]/descendant::*${SuggestionSliderProducts})[${product}]</arg>
<arg>((${SuggestionSliders})[${slider}]/descendant::*${Page_LinkNext})</arg>
<kw name="Register Keyword To Run On Failure" library="SeleniumLibrary">
<arg>NONE</arg>
<doc>Sets the keyword to execute, when a SeleniumLibrary keyword fails.</doc>
<msg timestamp="20220829 17:16:15.192" level="INFO">No keyword will be run on failure.</msg>
<status status="PASS" starttime="20220829 17:16:15.192" endtime="20220829 17:16:15.193"/>
</kw>
<kw name="Run Keyword And Ignore Error" library="BuiltIn">
<var>${status}</var>
<var>${error}</var>
<arg>element should be visible</arg>
<arg>${argumentNotVisible}</arg>
<arg>${wait_time_out_shortest}</arg>
<doc>Runs the given keyword with the given arguments and ignores possible error.</doc>
<kw name="Element Should Be Visible" library="SeleniumLibrary">
<arg>${argumentNotVisible}</arg>
<arg>${wait_time_out_shortest}</arg>
<doc>Verifies that the element identified by ``locator`` is visible.</doc>
<msg timestamp="20220829 17:16:15.286" level="INFO">Element '((//*[@class='catalogEntryRecommendationWidget recommended  iospot'])[1]/descendant::*//*[@class='img-responsive vertical-align-middle m-auto'])[3]' is displayed.</msg>
<status status="PASS" starttime="20220829 17:16:15.193" endtime="20220829 17:16:15.286"/>
</kw>
<msg timestamp="20220829 17:16:15.286" level="INFO">${status} = PASS</msg>
<msg timestamp="20220829 17:16:15.286" level="INFO">${error} = None</msg>
<status status="PASS" starttime="20220829 17:16:15.193" endtime="20220829 17:16:15.286"/>
</kw>
<kw name="Run Keyword If" library="BuiltIn">
<arg>'${status}'=='FAIL'</arg>
<arg>Click with Javascript</arg>
<arg>${argumentOtherElement}</arg>
<doc>Runs the given keyword with the given arguments, if ``condition`` is true.</doc>
<status status="PASS" starttime="20220829 17:16:15.287" endtime="20220829 17:16:15.287"/>
</kw>
<kw name="Register Keyword To Run On Failure" library="SeleniumLibrary">
<arg>capture page screenshot</arg>
<doc>Sets the keyword to execute, when a SeleniumLibrary keyword fails.</doc>
<msg timestamp="20220829 17:16:15.287" level="INFO">capture page screenshot will be run on failure.</msg>
<status status="PASS" starttime="20220829 17:16:15.287" endtime="20220829 17:16:15.288"/>
</kw>
<status status="PASS" starttime="20220829 17:16:15.191" endtime="20220829 17:16:15.288"/>
</kw>
<kw name="Scroll Element Into View" library="SeleniumLibrary">
<arg>((${SuggestionSliders})[${slider}]/descendant::*${SuggestionSliderProducts})[${product}]</arg>
<doc>Scrolls the element identified by ``locator`` into view.</doc>
<status status="PASS" starttime="20220829 17:16:15.288" endtime="20220829 17:16:15.641"/>
</kw>
<kw name="Set Focus To Element" library="SeleniumLibrary">
<arg>((${SuggestionSliders})[${slider}]/descendant::*${SuggestionSliderProducts})[${product}]</arg>
<doc>Sets the focus to the element identified by ``locator``.</doc>
<status status="PASS" starttime="20220829 17:16:15.642" endtime="20220829 17:16:15.761"/>
</kw>
<kw name="Element Should Be Visible" library="SeleniumLibrary">
<arg>((${SuggestionSliders})[${slider}]/descendant::*${SuggestionSliderProducts})[${product}]</arg>
<doc>Verifies that the element identified by ``locator`` is visible.</doc>
<msg timestamp="20220829 17:16:15.924" level="INFO">Element '((//*[@class='catalogEntryRecommendationWidget recommended  iospot'])[1]/descendant::*//*[@class='img-responsive vertical-align-middle m-auto'])[3]' is displayed.</msg>
<status status="PASS" starttime="20220829 17:16:15.761" endtime="20220829 17:16:15.925"/>
</kw>
<status status="PASS" starttime="20220829 17:16:15.191" endtime="20220829 17:16:15.925"/>
</iter>
<iter>
<var name="${product}">4</var>
<kw name="Click Other Element Until Visible" library="Essential">
<arg>((${SuggestionSliders})[${slider}]/descendant::*${SuggestionSliderProducts})[${product}]</arg>
<arg>((${SuggestionSliders})[${slider}]/descendant::*${Page_LinkNext})</arg>
<kw name="Register Keyword To Run On Failure" library="SeleniumLibrary">
<arg>NONE</arg>
<doc>Sets the keyword to execute, when a SeleniumLibrary keyword fails.</doc>
<msg timestamp="20220829 17:16:15.929" level="INFO">No keyword will be run on failure.</msg>
<status status="PASS" starttime="20220829 17:16:15.928" endtime="20220829 17:16:15.929"/>
</kw>
<kw name="Run Keyword And Ignore Error" library="BuiltIn">
<var>${status}</var>
<var>${error}</var>
<arg>element should be visible</arg>
<arg>${argumentNotVisible}</arg>
<arg>${wait_time_out_shortest}</arg>
<doc>Runs the given keyword with the given arguments and ignores possible error.</doc>
<kw name="Element Should Be Visible" library="SeleniumLibrary">
<arg>${argumentNotVisible}</arg>
<arg>${wait_time_out_shortest}</arg>
<doc>Verifies that the element identified by ``locator`` is visible.</doc>
<msg timestamp="20220829 17:16:16.073" level="INFO">Element '((//*[@class='catalogEntryRecommendationWidget recommended  iospot'])[1]/descendant::*//*[@class='img-responsive vertical-align-middle m-auto'])[4]' is displayed.</msg>
<status status="PASS" starttime="20220829 17:16:15.930" endtime="20220829 17:16:16.073"/>
</kw>
<msg timestamp="20220829 17:16:16.073" level="INFO">${status} = PASS</msg>
<msg timestamp="20220829 17:16:16.073" level="INFO">${error} = None</msg>
<status status="PASS" starttime="20220829 17:16:15.929" endtime="20220829 17:16:16.073"/>
</kw>
<kw name="Run Keyword If" library="BuiltIn">
<arg>'${status}'=='FAIL'</arg>
<arg>Click with Javascript</arg>
<arg>${argumentOtherElement}</arg>
<doc>Runs the given keyword with the given arguments, if ``condition`` is true.</doc>
<status status="PASS" starttime="20220829 17:16:16.074" endtime="20220829 17:16:16.074"/>
</kw>
<kw name="Register Keyword To Run On Failure" library="SeleniumLibrary">
<arg>capture page screenshot</arg>
<doc>Sets the keyword to execute, when a SeleniumLibrary keyword fails.</doc>
<msg timestamp="20220829 17:16:16.075" level="INFO">capture page screenshot will be run on failure.</msg>
<status status="PASS" starttime="20220829 17:16:16.075" endtime="20220829 17:16:16.075"/>
</kw>
<status status="PASS" starttime="20220829 17:16:15.926" endtime="20220829 17:16:16.075"/>
</kw>
<kw name="Scroll Element Into View" library="SeleniumLibrary">
<arg>((${SuggestionSliders})[${slider}]/descendant::*${SuggestionSliderProducts})[${product}]</arg>
<doc>Scrolls the element identified by ``locator`` into view.</doc>
<status status="PASS" starttime="20220829 17:16:16.076" endtime="20220829 17:16:16.443"/>
</kw>
<kw name="Set Focus To Element" library="SeleniumLibrary">
<arg>((${SuggestionSliders})[${slider}]/descendant::*${SuggestionSliderProducts})[${product}]</arg>
<doc>Sets the focus to the element identified by ``locator``.</doc>
<status status="PASS" starttime="20220829 17:16:16.443" endtime="20220829 17:16:16.530"/>
</kw>
<kw name="Element Should Be Visible" library="SeleniumLibrary">
<arg>((${SuggestionSliders})[${slider}]/descendant::*${SuggestionSliderProducts})[${product}]</arg>
<doc>Verifies that the element identified by ``locator`` is visible.</doc>
<msg timestamp="20220829 17:16:16.636" level="INFO">Element '((//*[@class='catalogEntryRecommendationWidget recommended  iospot'])[1]/descendant::*//*[@class='img-responsive vertical-align-middle m-auto'])[4]' is displayed.</msg>
<status status="PASS" starttime="20220829 17:16:16.530" endtime="20220829 17:16:16.636"/>
</kw>
<status status="PASS" starttime="20220829 17:16:15.925" endtime="20220829 17:16:16.636"/>
</iter>
<iter>
<var name="${product}">5</var>
<kw name="Click Other Element Until Visible" library="Essential">
<arg>((${SuggestionSliders})[${slider}]/descendant::*${SuggestionSliderProducts})[${product}]</arg>
<arg>((${SuggestionSliders})[${slider}]/descendant::*${Page_LinkNext})</arg>
<kw name="Register Keyword To Run On Failure" library="SeleniumLibrary">
<arg>NONE</arg>
<doc>Sets the keyword to execute, when a SeleniumLibrary keyword fails.</doc>
<msg timestamp="20220829 17:16:16.640" level="INFO">No keyword will be run on failure.</msg>
<status status="PASS" starttime="20220829 17:16:16.639" endtime="20220829 17:16:16.640"/>
</kw>
<kw name="Run Keyword And Ignore Error" library="BuiltIn">
<var>${status}</var>
<var>${error}</var>
<arg>element should be visible</arg>
<arg>${argumentNotVisible}</arg>
<arg>${wait_time_out_shortest}</arg>
<doc>Runs the given keyword with the given arguments and ignores possible error.</doc>
<kw name="Element Should Be Visible" library="SeleniumLibrary">
<arg>${argumentNotVisible}</arg>
<arg>${wait_time_out_shortest}</arg>
<doc>Verifies that the element identified by ``locator`` is visible.</doc>
<msg timestamp="20220829 17:16:17.018" level="FAIL">0.001</msg>
<status status="FAIL" starttime="20220829 17:16:16.640" endtime="20220829 17:16:17.018"/>
</kw>
<msg timestamp="20220829 17:16:17.018" level="INFO">${status} = FAIL</msg>
<msg timestamp="20220829 17:16:17.019" level="INFO">${error} = 0.001</msg>
<status status="PASS" starttime="20220829 17:16:16.640" endtime="20220829 17:16:17.019"/>
</kw>
<kw name="Run Keyword If" library="BuiltIn">
<arg>'${status}'=='FAIL'</arg>
<arg>Click with Javascript</arg>
<arg>${argumentOtherElement}</arg>
<doc>Runs the given keyword with the given arguments, if ``condition`` is true.</doc>
<kw name="Click with Javascript" library="Essential">
<arg>${argumentOtherElement}</arg>
<kw name="Get WebElement" library="SeleniumLibrary">
<var>${argument_location}</var>
<arg>${argument_location}</arg>
<doc>Returns the first WebElement matching the given ``locator``.</doc>
<msg timestamp="20220829 17:16:17.477" level="INFO">${argument_location} = &lt;selenium.webdriver.remote.webelement.WebElement (session="4c8376154b6d7d4143ad079800c9484b", element="6d2d76a8-b76a-44c3-b26f-86d432c01748")&gt;</msg>
<status status="PASS" starttime="20220829 17:16:17.021" endtime="20220829 17:16:17.477"/>
</kw>
<kw name="Execute Javascript" library="SeleniumLibrary">
<arg>arguments[0].click();</arg>
<arg>ARGUMENTS</arg>
<arg>${argument_location}</arg>
<doc>Executes the given JavaScript code with possible arguments.</doc>
<msg timestamp="20220829 17:16:17.493" level="INFO">Executing JavaScript:
arguments[0].click();
By using argument:
'&lt;selenium.webdriver.remote.webelement.WebElement (session="4c8376154b6d7d4143ad079800c9484b", element="6d2d76a8-b76a-44c3-b26f-86d432c01748")&gt;'</msg>
<status status="PASS" starttime="20220829 17:16:17.493" endtime="20220829 17:16:17.670"/>
</kw>
<status status="PASS" starttime="20220829 17:16:17.020" endtime="20220829 17:16:17.670"/>
</kw>
<status status="PASS" starttime="20220829 17:16:17.019" endtime="20220829 17:16:17.670"/>
</kw>
<kw name="Register Keyword To Run On Failure" library="SeleniumLibrary">
<arg>capture page screenshot</arg>
<doc>Sets the keyword to execute, when a SeleniumLibrary keyword fails.</doc>
<msg timestamp="20220829 17:16:17.671" level="INFO">capture page screenshot will be run on failure.</msg>
<status status="PASS" starttime="20220829 17:16:17.670" endtime="20220829 17:16:17.671"/>
</kw>
<status status="PASS" starttime="20220829 17:16:16.637" endtime="20220829 17:16:17.671"/>
</kw>
<kw name="Scroll Element Into View" library="SeleniumLibrary">
<arg>((${SuggestionSliders})[${slider}]/descendant::*${SuggestionSliderProducts})[${product}]</arg>
<doc>Scrolls the element identified by ``locator`` into view.</doc>
<status status="PASS" starttime="20220829 17:16:17.671" endtime="20220829 17:16:18.140"/>
</kw>
<kw name="Set Focus To Element" library="SeleniumLibrary">
<arg>((${SuggestionSliders})[${slider}]/descendant::*${SuggestionSliderProducts})[${product}]</arg>
<doc>Sets the focus to the element identified by ``locator``.</doc>
<status status="PASS" starttime="20220829 17:16:18.140" endtime="20220829 17:16:18.233"/>
</kw>
<kw name="Element Should Be Visible" library="SeleniumLibrary">
<arg>((${SuggestionSliders})[${slider}]/descendant::*${SuggestionSliderProducts})[${product}]</arg>
<doc>Verifies that the element identified by ``locator`` is visible.</doc>
<msg timestamp="20220829 17:16:18.280" level="INFO">Element '((//*[@class='catalogEntryRecommendationWidget recommended  iospot'])[1]/descendant::*//*[@class='img-responsive vertical-align-middle m-auto'])[5]' is displayed.</msg>
<status status="PASS" starttime="20220829 17:16:18.233" endtime="20220829 17:16:18.280"/>
</kw>
<status status="PASS" starttime="20220829 17:16:16.637" endtime="20220829 17:16:18.280"/>
</iter>
<iter>
<var name="${product}">6</var>
<kw name="Click Other Element Until Visible" library="Essential">
<arg>((${SuggestionSliders})[${slider}]/descendant::*${SuggestionSliderProducts})[${product}]</arg>
<arg>((${SuggestionSliders})[${slider}]/descendant::*${Page_LinkNext})</arg>
<kw name="Register Keyword To Run On Failure" library="SeleniumLibrary">
<arg>NONE</arg>
<doc>Sets the keyword to execute, when a SeleniumLibrary keyword fails.</doc>
<msg timestamp="20220829 17:16:18.280" level="INFO">No keyword will be run on failure.</msg>
<status status="PASS" starttime="20220829 17:16:18.280" endtime="20220829 17:16:18.280"/>
</kw>
<kw name="Run Keyword And Ignore Error" library="BuiltIn">
<var>${status}</var>
<var>${error}</var>
<arg>element should be visible</arg>
<arg>${argumentNotVisible}</arg>
<arg>${wait_time_out_shortest}</arg>
<doc>Runs the given keyword with the given arguments and ignores possible error.</doc>
<kw name="Element Should Be Visible" library="SeleniumLibrary">
<arg>${argumentNotVisible}</arg>
<arg>${wait_time_out_shortest}</arg>
<doc>Verifies that the element identified by ``locator`` is visible.</doc>
<msg timestamp="20220829 17:16:18.343" level="INFO">Element '((//*[@class='catalogEntryRecommendationWidget recommended  iospot'])[1]/descendant::*//*[@class='img-responsive vertical-align-middle m-auto'])[6]' is displayed.</msg>
<status status="PASS" starttime="20220829 17:16:18.280" endtime="20220829 17:16:18.343"/>
</kw>
<msg timestamp="20220829 17:16:18.343" level="INFO">${status} = PASS</msg>
<msg timestamp="20220829 17:16:18.343" level="INFO">${error} = None</msg>
<status status="PASS" starttime="20220829 17:16:18.280" endtime="20220829 17:16:18.343"/>
</kw>
<kw name="Run Keyword If" library="BuiltIn">
<arg>'${status}'=='FAIL'</arg>
<arg>Click with Javascript</arg>
<arg>${argumentOtherElement}</arg>
<doc>Runs the given keyword with the given arguments, if ``condition`` is true.</doc>
<status status="PASS" starttime="20220829 17:16:18.343" endtime="20220829 17:16:18.343"/>
</kw>
<kw name="Register Keyword To Run On Failure" library="SeleniumLibrary">
<arg>capture page screenshot</arg>
<doc>Sets the keyword to execute, when a SeleniumLibrary keyword fails.</doc>
<msg timestamp="20220829 17:16:18.343" level="INFO">capture page screenshot will be run on failure.</msg>
<status status="PASS" starttime="20220829 17:16:18.343" endtime="20220829 17:16:18.343"/>
</kw>
<status status="PASS" starttime="20220829 17:16:18.280" endtime="20220829 17:16:18.343"/>
</kw>
<kw name="Scroll Element Into View" library="SeleniumLibrary">
<arg>((${SuggestionSliders})[${slider}]/descendant::*${SuggestionSliderProducts})[${product}]</arg>
<doc>Scrolls the element identified by ``locator`` into view.</doc>
<status status="PASS" starttime="20220829 17:16:18.343" endtime="20220829 17:16:18.653"/>
</kw>
<kw name="Set Focus To Element" library="SeleniumLibrary">
<arg>((${SuggestionSliders})[${slider}]/descendant::*${SuggestionSliderProducts})[${product}]</arg>
<doc>Sets the focus to the element identified by ``locator``.</doc>
<status status="PASS" starttime="20220829 17:16:18.653" endtime="20220829 17:16:18.747"/>
</kw>
<kw name="Element Should Be Visible" library="SeleniumLibrary">
<arg>((${SuggestionSliders})[${slider}]/descendant::*${SuggestionSliderProducts})[${product}]</arg>
<doc>Verifies that the element identified by ``locator`` is visible.</doc>
<msg timestamp="20220829 17:16:18.793" level="INFO">Element '((//*[@class='catalogEntryRecommendationWidget recommended  iospot'])[1]/descendant::*//*[@class='img-responsive vertical-align-middle m-auto'])[6]' is displayed.</msg>
<status status="PASS" starttime="20220829 17:16:18.747" endtime="20220829 17:16:18.793"/>
</kw>
<status status="PASS" starttime="20220829 17:16:18.280" endtime="20220829 17:16:18.793"/>
</iter>
<iter>
<var name="${product}">7</var>
<kw name="Click Other Element Until Visible" library="Essential">
<arg>((${SuggestionSliders})[${slider}]/descendant::*${SuggestionSliderProducts})[${product}]</arg>
<arg>((${SuggestionSliders})[${slider}]/descendant::*${Page_LinkNext})</arg>
<kw name="Register Keyword To Run On Failure" library="SeleniumLibrary">
<arg>NONE</arg>
<doc>Sets the keyword to execute, when a SeleniumLibrary keyword fails.</doc>
<msg timestamp="20220829 17:16:18.793" level="INFO">No keyword will be run on failure.</msg>
<status status="PASS" starttime="20220829 17:16:18.793" endtime="20220829 17:16:18.793"/>
</kw>
<kw name="Run Keyword And Ignore Error" library="BuiltIn">
<var>${status}</var>
<var>${error}</var>
<arg>element should be visible</arg>
<arg>${argumentNotVisible}</arg>
<arg>${wait_time_out_shortest}</arg>
<doc>Runs the given keyword with the given arguments and ignores possible error.</doc>
<kw name="Element Should Be Visible" library="SeleniumLibrary">
<arg>${argumentNotVisible}</arg>
<arg>${wait_time_out_shortest}</arg>
<doc>Verifies that the element identified by ``locator`` is visible.</doc>
<msg timestamp="20220829 17:16:18.856" level="INFO">Element '((//*[@class='catalogEntryRecommendationWidget recommended  iospot'])[1]/descendant::*//*[@class='img-responsive vertical-align-middle m-auto'])[7]' is displayed.</msg>
<status status="PASS" starttime="20220829 17:16:18.793" endtime="20220829 17:16:18.856"/>
</kw>
<msg timestamp="20220829 17:16:18.856" level="INFO">${status} = PASS</msg>
<msg timestamp="20220829 17:16:18.856" level="INFO">${error} = None</msg>
<status status="PASS" starttime="20220829 17:16:18.793" endtime="20220829 17:16:18.856"/>
</kw>
<kw name="Run Keyword If" library="BuiltIn">
<arg>'${status}'=='FAIL'</arg>
<arg>Click with Javascript</arg>
<arg>${argumentOtherElement}</arg>
<doc>Runs the given keyword with the given arguments, if ``condition`` is true.</doc>
<status status="PASS" starttime="20220829 17:16:18.856" endtime="20220829 17:16:18.856"/>
</kw>
<kw name="Register Keyword To Run On Failure" library="SeleniumLibrary">
<arg>capture page screenshot</arg>
<doc>Sets the keyword to execute, when a SeleniumLibrary keyword fails.</doc>
<msg timestamp="20220829 17:16:18.856" level="INFO">capture page screenshot will be run on failure.</msg>
<status status="PASS" starttime="20220829 17:16:18.856" endtime="20220829 17:16:18.856"/>
</kw>
<status status="PASS" starttime="20220829 17:16:18.793" endtime="20220829 17:16:18.856"/>
</kw>
<kw name="Scroll Element Into View" library="SeleniumLibrary">
<arg>((${SuggestionSliders})[${slider}]/descendant::*${SuggestionSliderProducts})[${product}]</arg>
<doc>Scrolls the element identified by ``locator`` into view.</doc>
<status status="PASS" starttime="20220829 17:16:18.856" endtime="20220829 17:16:19.170"/>
</kw>
<kw name="Set Focus To Element" library="SeleniumLibrary">
<arg>((${SuggestionSliders})[${slider}]/descendant::*${SuggestionSliderProducts})[${product}]</arg>
<doc>Sets the focus to the element identified by ``locator``.</doc>
<status status="PASS" starttime="20220829 17:16:19.170" endtime="20220829 17:16:19.217"/>
</kw>
<kw name="Element Should Be Visible" library="SeleniumLibrary">
<arg>((${SuggestionSliders})[${slider}]/descendant::*${SuggestionSliderProducts})[${product}]</arg>
<doc>Verifies that the element identified by ``locator`` is visible.</doc>
<msg timestamp="20220829 17:16:19.264" level="INFO">Element '((//*[@class='catalogEntryRecommendationWidget recommended  iospot'])[1]/descendant::*//*[@class='img-responsive vertical-align-middle m-auto'])[7]' is displayed.</msg>
<status status="PASS" starttime="20220829 17:16:19.217" endtime="20220829 17:16:19.264"/>
</kw>
<status status="PASS" starttime="20220829 17:16:18.793" endtime="20220829 17:16:19.264"/>
</iter>
<iter>
<var name="${product}">8</var>
<kw name="Click Other Element Until Visible" library="Essential">
<arg>((${SuggestionSliders})[${slider}]/descendant::*${SuggestionSliderProducts})[${product}]</arg>
<arg>((${SuggestionSliders})[${slider}]/descendant::*${Page_LinkNext})</arg>
<kw name="Register Keyword To Run On Failure" library="SeleniumLibrary">
<arg>NONE</arg>
<doc>Sets the keyword to execute, when a SeleniumLibrary keyword fails.</doc>
<msg timestamp="20220829 17:16:19.264" level="INFO">No keyword will be run on failure.</msg>
<status status="PASS" starttime="20220829 17:16:19.264" endtime="20220829 17:16:19.264"/>
</kw>
<kw name="Run Keyword And Ignore Error" library="BuiltIn">
<var>${status}</var>
<var>${error}</var>
<arg>element should be visible</arg>
<arg>${argumentNotVisible}</arg>
<arg>${wait_time_out_shortest}</arg>
<doc>Runs the given keyword with the given arguments and ignores possible error.</doc>
<kw name="Element Should Be Visible" library="SeleniumLibrary">
<arg>${argumentNotVisible}</arg>
<arg>${wait_time_out_shortest}</arg>
<doc>Verifies that the element identified by ``locator`` is visible.</doc>
<msg timestamp="20220829 17:16:19.310" level="INFO">Element '((//*[@class='catalogEntryRecommendationWidget recommended  iospot'])[1]/descendant::*//*[@class='img-responsive vertical-align-middle m-auto'])[8]' is displayed.</msg>
<status status="PASS" starttime="20220829 17:16:19.264" endtime="20220829 17:16:19.310"/>
</kw>
<msg timestamp="20220829 17:16:19.310" level="INFO">${status} = PASS</msg>
<msg timestamp="20220829 17:16:19.310" level="INFO">${error} = None</msg>
<status status="PASS" starttime="20220829 17:16:19.264" endtime="20220829 17:16:19.310"/>
</kw>
<kw name="Run Keyword If" library="BuiltIn">
<arg>'${status}'=='FAIL'</arg>
<arg>Click with Javascript</arg>
<arg>${argumentOtherElement}</arg>
<doc>Runs the given keyword with the given arguments, if ``condition`` is true.</doc>
<status status="PASS" starttime="20220829 17:16:19.310" endtime="20220829 17:16:19.310"/>
</kw>
<kw name="Register Keyword To Run On Failure" library="SeleniumLibrary">
<arg>capture page screenshot</arg>
<doc>Sets the keyword to execute, when a SeleniumLibrary keyword fails.</doc>
<msg timestamp="20220829 17:16:19.310" level="INFO">capture page screenshot will be run on failure.</msg>
<status status="PASS" starttime="20220829 17:16:19.310" endtime="20220829 17:16:19.310"/>
</kw>
<status status="PASS" starttime="20220829 17:16:19.264" endtime="20220829 17:16:19.310"/>
</kw>
<kw name="Scroll Element Into View" library="SeleniumLibrary">
<arg>((${SuggestionSliders})[${slider}]/descendant::*${SuggestionSliderProducts})[${product}]</arg>
<doc>Scrolls the element identified by ``locator`` into view.</doc>
<status status="PASS" starttime="20220829 17:16:19.310" endtime="20220829 17:16:19.637"/>
</kw>
<kw name="Set Focus To Element" library="SeleniumLibrary">
<arg>((${SuggestionSliders})[${slider}]/descendant::*${SuggestionSliderProducts})[${product}]</arg>
<doc>Sets the focus to the element identified by ``locator``.</doc>
<status status="PASS" starttime="20220829 17:16:19.637" endtime="20220829 17:16:19.715"/>
</kw>
<kw name="Element Should Be Visible" library="SeleniumLibrary">
<arg>((${SuggestionSliders})[${slider}]/descendant::*${SuggestionSliderProducts})[${product}]</arg>
<doc>Verifies that the element identified by ``locator`` is visible.</doc>
<msg timestamp="20220829 17:16:19.762" level="INFO">Element '((//*[@class='catalogEntryRecommendationWidget recommended  iospot'])[1]/descendant::*//*[@class='img-responsive vertical-align-middle m-auto'])[8]' is displayed.</msg>
<status status="PASS" starttime="20220829 17:16:19.715" endtime="20220829 17:16:19.762"/>
</kw>
<status status="PASS" starttime="20220829 17:16:19.264" endtime="20220829 17:16:19.762"/>
</iter>
<iter>
<var name="${product}">9</var>
<kw name="Click Other Element Until Visible" library="Essential">
<arg>((${SuggestionSliders})[${slider}]/descendant::*${SuggestionSliderProducts})[${product}]</arg>
<arg>((${SuggestionSliders})[${slider}]/descendant::*${Page_LinkNext})</arg>
<kw name="Register Keyword To Run On Failure" library="SeleniumLibrary">
<arg>NONE</arg>
<doc>Sets the keyword to execute, when a SeleniumLibrary keyword fails.</doc>
<msg timestamp="20220829 17:16:19.762" level="INFO">No keyword will be run on failure.</msg>
<status status="PASS" starttime="20220829 17:16:19.762" endtime="20220829 17:16:19.762"/>
</kw>
<kw name="Run Keyword And Ignore Error" library="BuiltIn">
<var>${status}</var>
<var>${error}</var>
<arg>element should be visible</arg>
<arg>${argumentNotVisible}</arg>
<arg>${wait_time_out_shortest}</arg>
<doc>Runs the given keyword with the given arguments and ignores possible error.</doc>
<kw name="Element Should Be Visible" library="SeleniumLibrary">
<arg>${argumentNotVisible}</arg>
<arg>${wait_time_out_shortest}</arg>
<doc>Verifies that the element identified by ``locator`` is visible.</doc>
<msg timestamp="20220829 17:16:19.824" level="FAIL">0.001</msg>
<status status="FAIL" starttime="20220829 17:16:19.762" endtime="20220829 17:16:19.824"/>
</kw>
<msg timestamp="20220829 17:16:19.824" level="INFO">${status} = FAIL</msg>
<msg timestamp="20220829 17:16:19.824" level="INFO">${error} = 0.001</msg>
<status status="PASS" starttime="20220829 17:16:19.762" endtime="20220829 17:16:19.824"/>
</kw>
<kw name="Run Keyword If" library="BuiltIn">
<arg>'${status}'=='FAIL'</arg>
<arg>Click with Javascript</arg>
<arg>${argumentOtherElement}</arg>
<doc>Runs the given keyword with the given arguments, if ``condition`` is true.</doc>
<kw name="Click with Javascript" library="Essential">
<arg>${argumentOtherElement}</arg>
<kw name="Get WebElement" library="SeleniumLibrary">
<var>${argument_location}</var>
<arg>${argument_location}</arg>
<doc>Returns the first WebElement matching the given ``locator``.</doc>
<msg timestamp="20220829 17:16:19.871" level="INFO">${argument_location} = &lt;selenium.webdriver.remote.webelement.WebElement (session="4c8376154b6d7d4143ad079800c9484b", element="6d2d76a8-b76a-44c3-b26f-86d432c01748")&gt;</msg>
<status status="PASS" starttime="20220829 17:16:19.824" endtime="20220829 17:16:19.871"/>
</kw>
<kw name="Execute Javascript" library="SeleniumLibrary">
<arg>arguments[0].click();</arg>
<arg>ARGUMENTS</arg>
<arg>${argument_location}</arg>
<doc>Executes the given JavaScript code with possible arguments.</doc>
<msg timestamp="20220829 17:16:19.871" level="INFO">Executing JavaScript:
arguments[0].click();
By using argument:
'&lt;selenium.webdriver.remote.webelement.WebElement (session="4c8376154b6d7d4143ad079800c9484b", element="6d2d76a8-b76a-44c3-b26f-86d432c01748")&gt;'</msg>
<status status="PASS" starttime="20220829 17:16:19.871" endtime="20220829 17:16:20.013"/>
</kw>
<status status="PASS" starttime="20220829 17:16:19.824" endtime="20220829 17:16:20.014"/>
</kw>
<status status="PASS" starttime="20220829 17:16:19.824" endtime="20220829 17:16:20.014"/>
</kw>
<kw name="Register Keyword To Run On Failure" library="SeleniumLibrary">
<arg>capture page screenshot</arg>
<doc>Sets the keyword to execute, when a SeleniumLibrary keyword fails.</doc>
<msg timestamp="20220829 17:16:20.015" level="INFO">capture page screenshot will be run on failure.</msg>
<status status="PASS" starttime="20220829 17:16:20.014" endtime="20220829 17:16:20.015"/>
</kw>
<status status="PASS" starttime="20220829 17:16:19.762" endtime="20220829 17:16:20.016"/>
</kw>
<kw name="Scroll Element Into View" library="SeleniumLibrary">
<arg>((${SuggestionSliders})[${slider}]/descendant::*${SuggestionSliderProducts})[${product}]</arg>
<doc>Scrolls the element identified by ``locator`` into view.</doc>
<status status="PASS" starttime="20220829 17:16:20.017" endtime="20220829 17:16:20.373"/>
</kw>
<kw name="Set Focus To Element" library="SeleniumLibrary">
<arg>((${SuggestionSliders})[${slider}]/descendant::*${SuggestionSliderProducts})[${product}]</arg>
<doc>Sets the focus to the element identified by ``locator``.</doc>
<status status="PASS" starttime="20220829 17:16:20.373" endtime="20220829 17:16:20.426"/>
</kw>
<kw name="Element Should Be Visible" library="SeleniumLibrary">
<arg>((${SuggestionSliders})[${slider}]/descendant::*${SuggestionSliderProducts})[${product}]</arg>
<doc>Verifies that the element identified by ``locator`` is visible.</doc>
<msg timestamp="20220829 17:16:20.483" level="INFO">Element '((//*[@class='catalogEntryRecommendationWidget recommended  iospot'])[1]/descendant::*//*[@class='img-responsive vertical-align-middle m-auto'])[9]' is displayed.</msg>
<status status="PASS" starttime="20220829 17:16:20.426" endtime="20220829 17:16:20.484"/>
</kw>
<status status="PASS" starttime="20220829 17:16:19.762" endtime="20220829 17:16:20.484"/>
</iter>
<iter>
<var name="${product}">10</var>
<kw name="Click Other Element Until Visible" library="Essential">
<arg>((${SuggestionSliders})[${slider}]/descendant::*${SuggestionSliderProducts})[${product}]</arg>
<arg>((${SuggestionSliders})[${slider}]/descendant::*${Page_LinkNext})</arg>
<kw name="Register Keyword To Run On Failure" library="SeleniumLibrary">
<arg>NONE</arg>
<doc>Sets the keyword to execute, when a SeleniumLibrary keyword fails.</doc>
<msg timestamp="20220829 17:16:20.486" level="INFO">No keyword will be run on failure.</msg>
<status status="PASS" starttime="20220829 17:16:20.486" endtime="20220829 17:16:20.486"/>
</kw>
<kw name="Run Keyword And Ignore Error" library="BuiltIn">
<var>${status}</var>
<var>${error}</var>
<arg>element should be visible</arg>
<arg>${argumentNotVisible}</arg>
<arg>${wait_time_out_shortest}</arg>
<doc>Runs the given keyword with the given arguments and ignores possible error.</doc>
<kw name="Element Should Be Visible" library="SeleniumLibrary">
<arg>${argumentNotVisible}</arg>
<arg>${wait_time_out_shortest}</arg>
<doc>Verifies that the element identified by ``locator`` is visible.</doc>
<msg timestamp="20220829 17:16:20.580" level="INFO">Element '((//*[@class='catalogEntryRecommendationWidget recommended  iospot'])[1]/descendant::*//*[@class='img-responsive vertical-align-middle m-auto'])[10]' is displayed.</msg>
<status status="PASS" starttime="20220829 17:16:20.486" endtime="20220829 17:16:20.580"/>
</kw>
<msg timestamp="20220829 17:16:20.580" level="INFO">${status} = PASS</msg>
<msg timestamp="20220829 17:16:20.580" level="INFO">${error} = None</msg>
<status status="PASS" starttime="20220829 17:16:20.486" endtime="20220829 17:16:20.580"/>
</kw>
<kw name="Run Keyword If" library="BuiltIn">
<arg>'${status}'=='FAIL'</arg>
<arg>Click with Javascript</arg>
<arg>${argumentOtherElement}</arg>
<doc>Runs the given keyword with the given arguments, if ``condition`` is true.</doc>
<status status="PASS" starttime="20220829 17:16:20.580" endtime="20220829 17:16:20.580"/>
</kw>
<kw name="Register Keyword To Run On Failure" library="SeleniumLibrary">
<arg>capture page screenshot</arg>
<doc>Sets the keyword to execute, when a SeleniumLibrary keyword fails.</doc>
<msg timestamp="20220829 17:16:20.580" level="INFO">capture page screenshot will be run on failure.</msg>
<status status="PASS" starttime="20220829 17:16:20.580" endtime="20220829 17:16:20.580"/>
</kw>
<status status="PASS" starttime="20220829 17:16:20.485" endtime="20220829 17:16:20.580"/>
</kw>
<kw name="Scroll Element Into View" library="SeleniumLibrary">
<arg>((${SuggestionSliders})[${slider}]/descendant::*${SuggestionSliderProducts})[${product}]</arg>
<doc>Scrolls the element identified by ``locator`` into view.</doc>
<status status="PASS" starttime="20220829 17:16:20.580" endtime="20220829 17:16:21.012"/>
</kw>
<kw name="Set Focus To Element" library="SeleniumLibrary">
<arg>((${SuggestionSliders})[${slider}]/descendant::*${SuggestionSliderProducts})[${product}]</arg>
<doc>Sets the focus to the element identified by ``locator``.</doc>
<status status="PASS" starttime="20220829 17:16:21.012" endtime="20220829 17:16:21.059"/>
</kw>
<kw name="Element Should Be Visible" library="SeleniumLibrary">
<arg>((${SuggestionSliders})[${slider}]/descendant::*${SuggestionSliderProducts})[${product}]</arg>
<doc>Verifies that the element identified by ``locator`` is visible.</doc>
<msg timestamp="20220829 17:16:21.106" level="INFO">Element '((//*[@class='catalogEntryRecommendationWidget recommended  iospot'])[1]/descendant::*//*[@class='img-responsive vertical-align-middle m-auto'])[10]' is displayed.</msg>
<status status="PASS" starttime="20220829 17:16:21.059" endtime="20220829 17:16:21.106"/>
</kw>
<status status="PASS" starttime="20220829 17:16:20.484" endtime="20220829 17:16:21.106"/>
</iter>
<iter>
<var name="${product}">11</var>
<kw name="Click Other Element Until Visible" library="Essential">
<arg>((${SuggestionSliders})[${slider}]/descendant::*${SuggestionSliderProducts})[${product}]</arg>
<arg>((${SuggestionSliders})[${slider}]/descendant::*${Page_LinkNext})</arg>
<kw name="Register Keyword To Run On Failure" library="SeleniumLibrary">
<arg>NONE</arg>
<doc>Sets the keyword to execute, when a SeleniumLibrary keyword fails.</doc>
<msg timestamp="20220829 17:16:21.106" level="INFO">No keyword will be run on failure.</msg>
<status status="PASS" starttime="20220829 17:16:21.106" endtime="20220829 17:16:21.106"/>
</kw>
<kw name="Run Keyword And Ignore Error" library="BuiltIn">
<var>${status}</var>
<var>${error}</var>
<arg>element should be visible</arg>
<arg>${argumentNotVisible}</arg>
<arg>${wait_time_out_shortest}</arg>
<doc>Runs the given keyword with the given arguments and ignores possible error.</doc>
<kw name="Element Should Be Visible" library="SeleniumLibrary">
<arg>${argumentNotVisible}</arg>
<arg>${wait_time_out_shortest}</arg>
<doc>Verifies that the element identified by ``locator`` is visible.</doc>
<msg timestamp="20220829 17:16:21.168" level="INFO">Element '((//*[@class='catalogEntryRecommendationWidget recommended  iospot'])[1]/descendant::*//*[@class='img-responsive vertical-align-middle m-auto'])[11]' is displayed.</msg>
<status status="PASS" starttime="20220829 17:16:21.106" endtime="20220829 17:16:21.168"/>
</kw>
<msg timestamp="20220829 17:16:21.168" level="INFO">${status} = PASS</msg>
<msg timestamp="20220829 17:16:21.168" level="INFO">${error} = None</msg>
<status status="PASS" starttime="20220829 17:16:21.106" endtime="20220829 17:16:21.168"/>
</kw>
<kw name="Run Keyword If" library="BuiltIn">
<arg>'${status}'=='FAIL'</arg>
<arg>Click with Javascript</arg>
<arg>${argumentOtherElement}</arg>
<doc>Runs the given keyword with the given arguments, if ``condition`` is true.</doc>
<status status="PASS" starttime="20220829 17:16:21.168" endtime="20220829 17:16:21.168"/>
</kw>
<kw name="Register Keyword To Run On Failure" library="SeleniumLibrary">
<arg>capture page screenshot</arg>
<doc>Sets the keyword to execute, when a SeleniumLibrary keyword fails.</doc>
<msg timestamp="20220829 17:16:21.168" level="INFO">capture page screenshot will be run on failure.</msg>
<status status="PASS" starttime="20220829 17:16:21.168" endtime="20220829 17:16:21.168"/>
</kw>
<status status="PASS" starttime="20220829 17:16:21.106" endtime="20220829 17:16:21.168"/>
</kw>
<kw name="Scroll Element Into View" library="SeleniumLibrary">
<arg>((${SuggestionSliders})[${slider}]/descendant::*${SuggestionSliderProducts})[${product}]</arg>
<doc>Scrolls the element identified by ``locator`` into view.</doc>
<status status="PASS" starttime="20220829 17:16:21.168" endtime="20220829 17:16:21.479"/>
</kw>
<kw name="Set Focus To Element" library="SeleniumLibrary">
<arg>((${SuggestionSliders})[${slider}]/descendant::*${SuggestionSliderProducts})[${product}]</arg>
<doc>Sets the focus to the element identified by ``locator``.</doc>
<status status="PASS" starttime="20220829 17:16:21.479" endtime="20220829 17:16:21.510"/>
</kw>
<kw name="Element Should Be Visible" library="SeleniumLibrary">
<arg>((${SuggestionSliders})[${slider}]/descendant::*${SuggestionSliderProducts})[${product}]</arg>
<doc>Verifies that the element identified by ``locator`` is visible.</doc>
<msg timestamp="20220829 17:16:21.557" level="INFO">Element '((//*[@class='catalogEntryRecommendationWidget recommended  iospot'])[1]/descendant::*//*[@class='img-responsive vertical-align-middle m-auto'])[11]' is displayed.</msg>
<status status="PASS" starttime="20220829 17:16:21.510" endtime="20220829 17:16:21.557"/>
</kw>
<status status="PASS" starttime="20220829 17:16:21.106" endtime="20220829 17:16:21.557"/>
</iter>
<iter>
<var name="${product}">12</var>
<kw name="Click Other Element Until Visible" library="Essential">
<arg>((${SuggestionSliders})[${slider}]/descendant::*${SuggestionSliderProducts})[${product}]</arg>
<arg>((${SuggestionSliders})[${slider}]/descendant::*${Page_LinkNext})</arg>
<kw name="Register Keyword To Run On Failure" library="SeleniumLibrary">
<arg>NONE</arg>
<doc>Sets the keyword to execute, when a SeleniumLibrary keyword fails.</doc>
<msg timestamp="20220829 17:16:21.573" level="INFO">No keyword will be run on failure.</msg>
<status status="PASS" starttime="20220829 17:16:21.573" endtime="20220829 17:16:21.573"/>
</kw>
<kw name="Run Keyword And Ignore Error" library="BuiltIn">
<var>${status}</var>
<var>${error}</var>
<arg>element should be visible</arg>
<arg>${argumentNotVisible}</arg>
<arg>${wait_time_out_shortest}</arg>
<doc>Runs the given keyword with the given arguments and ignores possible error.</doc>
<kw name="Element Should Be Visible" library="SeleniumLibrary">
<arg>${argumentNotVisible}</arg>
<arg>${wait_time_out_shortest}</arg>
<doc>Verifies that the element identified by ``locator`` is visible.</doc>
<msg timestamp="20220829 17:16:21.619" level="INFO">Element '((//*[@class='catalogEntryRecommendationWidget recommended  iospot'])[1]/descendant::*//*[@class='img-responsive vertical-align-middle m-auto'])[12]' is displayed.</msg>
<status status="PASS" starttime="20220829 17:16:21.573" endtime="20220829 17:16:21.619"/>
</kw>
<msg timestamp="20220829 17:16:21.619" level="INFO">${status} = PASS</msg>
<msg timestamp="20220829 17:16:21.619" level="INFO">${error} = None</msg>
<status status="PASS" starttime="20220829 17:16:21.573" endtime="20220829 17:16:21.619"/>
</kw>
<kw name="Run Keyword If" library="BuiltIn">
<arg>'${status}'=='FAIL'</arg>
<arg>Click with Javascript</arg>
<arg>${argumentOtherElement}</arg>
<doc>Runs the given keyword with the given arguments, if ``condition`` is true.</doc>
<status status="PASS" starttime="20220829 17:16:21.619" endtime="20220829 17:16:21.619"/>
</kw>
<kw name="Register Keyword To Run On Failure" library="SeleniumLibrary">
<arg>capture page screenshot</arg>
<doc>Sets the keyword to execute, when a SeleniumLibrary keyword fails.</doc>
<msg timestamp="20220829 17:16:21.619" level="INFO">capture page screenshot will be run on failure.</msg>
<status status="PASS" starttime="20220829 17:16:21.619" endtime="20220829 17:16:21.619"/>
</kw>
<status status="PASS" starttime="20220829 17:16:21.573" endtime="20220829 17:16:21.619"/>
</kw>
<kw name="Scroll Element Into View" library="SeleniumLibrary">
<arg>((${SuggestionSliders})[${slider}]/descendant::*${SuggestionSliderProducts})[${product}]</arg>
<doc>Scrolls the element identified by ``locator`` into view.</doc>
<status status="PASS" starttime="20220829 17:16:21.619" endtime="20220829 17:16:21.939"/>
</kw>
<kw name="Set Focus To Element" library="SeleniumLibrary">
<arg>((${SuggestionSliders})[${slider}]/descendant::*${SuggestionSliderProducts})[${product}]</arg>
<doc>Sets the focus to the element identified by ``locator``.</doc>
<status status="PASS" starttime="20220829 17:16:21.939" endtime="20220829 17:16:22.048"/>
</kw>
<kw name="Element Should Be Visible" library="SeleniumLibrary">
<arg>((${SuggestionSliders})[${slider}]/descendant::*${SuggestionSliderProducts})[${product}]</arg>
<doc>Verifies that the element identified by ``locator`` is visible.</doc>
<msg timestamp="20220829 17:16:22.095" level="INFO">Element '((//*[@class='catalogEntryRecommendationWidget recommended  iospot'])[1]/descendant::*//*[@class='img-responsive vertical-align-middle m-auto'])[12]' is displayed.</msg>
<status status="PASS" starttime="20220829 17:16:22.048" endtime="20220829 17:16:22.095"/>
</kw>
<status status="PASS" starttime="20220829 17:16:21.573" endtime="20220829 17:16:22.095"/>
</iter>
<iter>
<var name="${product}">13</var>
<kw name="Click Other Element Until Visible" library="Essential">
<arg>((${SuggestionSliders})[${slider}]/descendant::*${SuggestionSliderProducts})[${product}]</arg>
<arg>((${SuggestionSliders})[${slider}]/descendant::*${Page_LinkNext})</arg>
<kw name="Register Keyword To Run On Failure" library="SeleniumLibrary">
<arg>NONE</arg>
<doc>Sets the keyword to execute, when a SeleniumLibrary keyword fails.</doc>
<msg timestamp="20220829 17:16:22.095" level="INFO">No keyword will be run on failure.</msg>
<status status="PASS" starttime="20220829 17:16:22.095" endtime="20220829 17:16:22.095"/>
</kw>
<kw name="Run Keyword And Ignore Error" library="BuiltIn">
<var>${status}</var>
<var>${error}</var>
<arg>element should be visible</arg>
<arg>${argumentNotVisible}</arg>
<arg>${wait_time_out_shortest}</arg>
<doc>Runs the given keyword with the given arguments and ignores possible error.</doc>
<kw name="Element Should Be Visible" library="SeleniumLibrary">
<arg>${argumentNotVisible}</arg>
<arg>${wait_time_out_shortest}</arg>
<doc>Verifies that the element identified by ``locator`` is visible.</doc>
<msg timestamp="20220829 17:16:22.157" level="FAIL">0.001</msg>
<status status="FAIL" starttime="20220829 17:16:22.095" endtime="20220829 17:16:22.157"/>
</kw>
<msg timestamp="20220829 17:16:22.157" level="INFO">${status} = FAIL</msg>
<msg timestamp="20220829 17:16:22.157" level="INFO">${error} = 0.001</msg>
<status status="PASS" starttime="20220829 17:16:22.095" endtime="20220829 17:16:22.157"/>
</kw>
<kw name="Run Keyword If" library="BuiltIn">
<arg>'${status}'=='FAIL'</arg>
<arg>Click with Javascript</arg>
<arg>${argumentOtherElement}</arg>
<doc>Runs the given keyword with the given arguments, if ``condition`` is true.</doc>
<kw name="Click with Javascript" library="Essential">
<arg>${argumentOtherElement}</arg>
<kw name="Get WebElement" library="SeleniumLibrary">
<var>${argument_location}</var>
<arg>${argument_location}</arg>
<doc>Returns the first WebElement matching the given ``locator``.</doc>
<msg timestamp="20220829 17:16:22.188" level="INFO">${argument_location} = &lt;selenium.webdriver.remote.webelement.WebElement (session="4c8376154b6d7d4143ad079800c9484b", element="6d2d76a8-b76a-44c3-b26f-86d432c01748")&gt;</msg>
<status status="PASS" starttime="20220829 17:16:22.157" endtime="20220829 17:16:22.188"/>
</kw>
<kw name="Execute Javascript" library="SeleniumLibrary">
<arg>arguments[0].click();</arg>
<arg>ARGUMENTS</arg>
<arg>${argument_location}</arg>
<doc>Executes the given JavaScript code with possible arguments.</doc>
<msg timestamp="20220829 17:16:22.188" level="INFO">Executing JavaScript:
arguments[0].click();
By using argument:
'&lt;selenium.webdriver.remote.webelement.WebElement (session="4c8376154b6d7d4143ad079800c9484b", element="6d2d76a8-b76a-44c3-b26f-86d432c01748")&gt;'</msg>
<status status="PASS" starttime="20220829 17:16:22.188" endtime="20220829 17:16:22.332"/>
</kw>
<status status="PASS" starttime="20220829 17:16:22.157" endtime="20220829 17:16:22.333"/>
</kw>
<status status="PASS" starttime="20220829 17:16:22.157" endtime="20220829 17:16:22.333"/>
</kw>
<kw name="Register Keyword To Run On Failure" library="SeleniumLibrary">
<arg>capture page screenshot</arg>
<doc>Sets the keyword to execute, when a SeleniumLibrary keyword fails.</doc>
<msg timestamp="20220829 17:16:22.336" level="INFO">capture page screenshot will be run on failure.</msg>
<status status="PASS" starttime="20220829 17:16:22.334" endtime="20220829 17:16:22.337"/>
</kw>
<status status="PASS" starttime="20220829 17:16:22.095" endtime="20220829 17:16:22.339"/>
</kw>
<kw name="Scroll Element Into View" library="SeleniumLibrary">
<arg>((${SuggestionSliders})[${slider}]/descendant::*${SuggestionSliderProducts})[${product}]</arg>
<doc>Scrolls the element identified by ``locator`` into view.</doc>
<status status="PASS" starttime="20220829 17:16:22.339" endtime="20220829 17:16:22.685"/>
</kw>
<kw name="Set Focus To Element" library="SeleniumLibrary">
<arg>((${SuggestionSliders})[${slider}]/descendant::*${SuggestionSliderProducts})[${product}]</arg>
<doc>Sets the focus to the element identified by ``locator``.</doc>
<status status="PASS" starttime="20220829 17:16:22.686" endtime="20220829 17:16:22.730"/>
</kw>
<kw name="Element Should Be Visible" library="SeleniumLibrary">
<arg>((${SuggestionSliders})[${slider}]/descendant::*${SuggestionSliderProducts})[${product}]</arg>
<doc>Verifies that the element identified by ``locator`` is visible.</doc>
<msg timestamp="20220829 17:16:22.789" level="INFO">Element '((//*[@class='catalogEntryRecommendationWidget recommended  iospot'])[1]/descendant::*//*[@class='img-responsive vertical-align-middle m-auto'])[13]' is displayed.</msg>
<status status="PASS" starttime="20220829 17:16:22.730" endtime="20220829 17:16:22.790"/>
</kw>
<status status="PASS" starttime="20220829 17:16:22.095" endtime="20220829 17:16:22.790"/>
</iter>
<iter>
<var name="${product}">14</var>
<kw name="Click Other Element Until Visible" library="Essential">
<arg>((${SuggestionSliders})[${slider}]/descendant::*${SuggestionSliderProducts})[${product}]</arg>
<arg>((${SuggestionSliders})[${slider}]/descendant::*${Page_LinkNext})</arg>
<kw name="Register Keyword To Run On Failure" library="SeleniumLibrary">
<arg>NONE</arg>
<doc>Sets the keyword to execute, when a SeleniumLibrary keyword fails.</doc>
<msg timestamp="20220829 17:16:22.791" level="INFO">No keyword will be run on failure.</msg>
<status status="PASS" starttime="20220829 17:16:22.791" endtime="20220829 17:16:22.791"/>
</kw>
<kw name="Run Keyword And Ignore Error" library="BuiltIn">
<var>${status}</var>
<var>${error}</var>
<arg>element should be visible</arg>
<arg>${argumentNotVisible}</arg>
<arg>${wait_time_out_shortest}</arg>
<doc>Runs the given keyword with the given arguments and ignores possible error.</doc>
<kw name="Element Should Be Visible" library="SeleniumLibrary">
<arg>${argumentNotVisible}</arg>
<arg>${wait_time_out_shortest}</arg>
<doc>Verifies that the element identified by ``locator`` is visible.</doc>
<msg timestamp="20220829 17:16:22.901" level="INFO">Element '((//*[@class='catalogEntryRecommendationWidget recommended  iospot'])[1]/descendant::*//*[@class='img-responsive vertical-align-middle m-auto'])[14]' is displayed.</msg>
<status status="PASS" starttime="20220829 17:16:22.792" endtime="20220829 17:16:22.901"/>
</kw>
<msg timestamp="20220829 17:16:22.901" level="INFO">${status} = PASS</msg>
<msg timestamp="20220829 17:16:22.901" level="INFO">${error} = None</msg>
<status status="PASS" starttime="20220829 17:16:22.791" endtime="20220829 17:16:22.901"/>
</kw>
<kw name="Run Keyword If" library="BuiltIn">
<arg>'${status}'=='FAIL'</arg>
<arg>Click with Javascript</arg>
<arg>${argumentOtherElement}</arg>
<doc>Runs the given keyword with the given arguments, if ``condition`` is true.</doc>
<status status="PASS" starttime="20220829 17:16:22.901" endtime="20220829 17:16:22.901"/>
</kw>
<kw name="Register Keyword To Run On Failure" library="SeleniumLibrary">
<arg>capture page screenshot</arg>
<doc>Sets the keyword to execute, when a SeleniumLibrary keyword fails.</doc>
<msg timestamp="20220829 17:16:22.901" level="INFO">capture page screenshot will be run on failure.</msg>
<status status="PASS" starttime="20220829 17:16:22.901" endtime="20220829 17:16:22.901"/>
</kw>
<status status="PASS" starttime="20220829 17:16:22.790" endtime="20220829 17:16:22.901"/>
</kw>
<kw name="Scroll Element Into View" library="SeleniumLibrary">
<arg>((${SuggestionSliders})[${slider}]/descendant::*${SuggestionSliderProducts})[${product}]</arg>
<doc>Scrolls the element identified by ``locator`` into view.</doc>
<status status="PASS" starttime="20220829 17:16:22.901" endtime="20220829 17:16:23.273"/>
</kw>
<kw name="Set Focus To Element" library="SeleniumLibrary">
<arg>((${SuggestionSliders})[${slider}]/descendant::*${SuggestionSliderProducts})[${product}]</arg>
<doc>Sets the focus to the element identified by ``locator``.</doc>
<status status="PASS" starttime="20220829 17:16:23.274" endtime="20220829 17:16:23.332"/>
</kw>
<kw name="Element Should Be Visible" library="SeleniumLibrary">
<arg>((${SuggestionSliders})[${slider}]/descendant::*${SuggestionSliderProducts})[${product}]</arg>
<doc>Verifies that the element identified by ``locator`` is visible.</doc>
<msg timestamp="20220829 17:16:23.379" level="INFO">Element '((//*[@class='catalogEntryRecommendationWidget recommended  iospot'])[1]/descendant::*//*[@class='img-responsive vertical-align-middle m-auto'])[14]' is displayed.</msg>
<status status="PASS" starttime="20220829 17:16:23.332" endtime="20220829 17:16:23.379"/>
</kw>
<status status="PASS" starttime="20220829 17:16:22.790" endtime="20220829 17:16:23.379"/>
</iter>
<iter>
<var name="${product}">15</var>
<kw name="Click Other Element Until Visible" library="Essential">
<arg>((${SuggestionSliders})[${slider}]/descendant::*${SuggestionSliderProducts})[${product}]</arg>
<arg>((${SuggestionSliders})[${slider}]/descendant::*${Page_LinkNext})</arg>
<kw name="Register Keyword To Run On Failure" library="SeleniumLibrary">
<arg>NONE</arg>
<doc>Sets the keyword to execute, when a SeleniumLibrary keyword fails.</doc>
<msg timestamp="20220829 17:16:23.379" level="INFO">No keyword will be run on failure.</msg>
[...]
<arg>(${CurrentProductList})[${product}]</arg>
<doc>Sets the focus to the element identified by ``locator``.</doc>
<status status="PASS" starttime="20220829 17:16:46.023" endtime="20220829 17:16:46.054"/>
</kw>
<kw name="Element Should Be Visible" library="SeleniumLibrary">
<arg>(${CurrentProductList})[${product}]</arg>
<doc>Verifies that the element identified by ``locator`` is visible.</doc>
<msg timestamp="20220829 17:16:46.101" level="INFO">Element '(//*[@class='d-flex flex-column product product-thumbnail mb-0 mb-sm-4 '])[17]' is displayed.</msg>
<status status="PASS" starttime="20220829 17:16:46.054" endtime="20220829 17:16:46.101"/>
</kw>
<kw name="Element Should Be Visible" library="SeleniumLibrary">
<arg>((${CurrentProductList})[${product}]/descendant::*/img)[1]</arg>
<doc>Verifies that the element identified by ``locator`` is visible.</doc>
<msg timestamp="20220829 17:16:46.148" level="INFO">Element '((//*[@class='d-flex flex-column product product-thumbnail mb-0 mb-sm-4 '])[17]/descendant::*/img)[1]' is displayed.</msg>
<status status="PASS" starttime="20220829 17:16:46.101" endtime="20220829 17:16:46.148"/>
</kw>
<kw name="Set Focus To Element" library="SeleniumLibrary">
<arg>(${CurrentProductList})[${product}]/descendant::*[@class='product_name']</arg>
<doc>Sets the focus to the element identified by ``locator``.</doc>
<status status="PASS" starttime="20220829 17:16:46.148" endtime="20220829 17:16:46.195"/>
</kw>
<kw name="Element Should Be Visible" library="SeleniumLibrary">
<arg>(${CurrentProductList})[${product}]/descendant::*[@class='product_name']</arg>
<doc>Verifies that the element identified by ``locator`` is visible.</doc>
<msg timestamp="20220829 17:16:46.257" level="INFO">Element '(//*[@class='d-flex flex-column product product-thumbnail mb-0 mb-sm-4 '])[17]/descendant::*[@class='product_name']' is displayed.</msg>
<status status="PASS" starttime="20220829 17:16:46.195" endtime="20220829 17:16:46.257"/>
</kw>
<status status="PASS" starttime="20220829 17:16:45.626" endtime="20220829 17:16:46.257"/>
</iter>
<iter>
<var name="${product}">18</var>
<kw name="Scroll Element Into View" library="SeleniumLibrary">
<arg>(${CurrentProductList})[${product}]</arg>
<doc>Scrolls the element identified by ``locator`` into view.</doc>
<status status="PASS" starttime="20220829 17:16:46.257" endtime="20220829 17:16:46.594"/>
</kw>
<kw name="Set Focus To Element" library="SeleniumLibrary">
<arg>(${CurrentProductList})[${product}]</arg>
<doc>Sets the focus to the element identified by ``locator``.</doc>
<status status="PASS" starttime="20220829 17:16:46.594" endtime="20220829 17:16:46.656"/>
</kw>
<kw name="Element Should Be Visible" library="SeleniumLibrary">
<arg>(${CurrentProductList})[${product}]</arg>
<doc>Verifies that the element identified by ``locator`` is visible.</doc>
<msg timestamp="20220829 17:16:46.703" level="INFO">Element '(//*[@class='d-flex flex-column product product-thumbnail mb-0 mb-sm-4 '])[18]' is displayed.</msg>
<status status="PASS" starttime="20220829 17:16:46.656" endtime="20220829 17:16:46.703"/>
</kw>
<kw name="Element Should Be Visible" library="SeleniumLibrary">
<arg>((${CurrentProductList})[${product}]/descendant::*/img)[1]</arg>
<doc>Verifies that the element identified by ``locator`` is visible.</doc>
<msg timestamp="20220829 17:16:46.766" level="INFO">Element '((//*[@class='d-flex flex-column product product-thumbnail mb-0 mb-sm-4 '])[18]/descendant::*/img)[1]' is displayed.</msg>
<status status="PASS" starttime="20220829 17:16:46.703" endtime="20220829 17:16:46.766"/>
</kw>
<kw name="Set Focus To Element" library="SeleniumLibrary">
<arg>(${CurrentProductList})[${product}]/descendant::*[@class='product_name']</arg>
<doc>Sets the focus to the element identified by ``locator``.</doc>
<status status="PASS" starttime="20220829 17:16:46.766" endtime="20220829 17:16:46.813"/>
</kw>
<kw name="Element Should Be Visible" library="SeleniumLibrary">
<arg>(${CurrentProductList})[${product}]/descendant::*[@class='product_name']</arg>
<doc>Verifies that the element identified by ``locator`` is visible.</doc>
<msg timestamp="20220829 17:16:46.860" level="INFO">Element '(//*[@class='d-flex flex-column product product-thumbnail mb-0 mb-sm-4 '])[18]/descendant::*[@class='product_name']' is displayed.</msg>
<status status="PASS" starttime="20220829 17:16:46.813" endtime="20220829 17:16:46.860"/>
</kw>
<status status="PASS" starttime="20220829 17:16:46.257" endtime="20220829 17:16:46.860"/>
</iter>
<iter>
<var name="${product}">19</var>
<kw name="Scroll Element Into View" library="SeleniumLibrary">
<arg>(${CurrentProductList})[${product}]</arg>
<doc>Scrolls the element identified by ``locator`` into view.</doc>
<status status="PASS" starttime="20220829 17:16:46.860" endtime="20220829 17:16:47.161"/>
</kw>
<kw name="Set Focus To Element" library="SeleniumLibrary">
<arg>(${CurrentProductList})[${product}]</arg>
<doc>Sets the focus to the element identified by ``locator``.</doc>
<status status="PASS" starttime="20220829 17:16:47.161" endtime="20220829 17:16:47.224"/>
</kw>
<kw name="Element Should Be Visible" library="SeleniumLibrary">
<arg>(${CurrentProductList})[${product}]</arg>
<doc>Verifies that the element identified by ``locator`` is visible.</doc>
<msg timestamp="20220829 17:16:47.271" level="INFO">Element '(//*[@class='d-flex flex-column product product-thumbnail mb-0 mb-sm-4 '])[19]' is displayed.</msg>
<status status="PASS" starttime="20220829 17:16:47.224" endtime="20220829 17:16:47.271"/>
</kw>
<kw name="Element Should Be Visible" library="SeleniumLibrary">
<arg>((${CurrentProductList})[${product}]/descendant::*/img)[1]</arg>
<doc>Verifies that the element identified by ``locator`` is visible.</doc>
<msg timestamp="20220829 17:16:47.317" level="INFO">Element '((//*[@class='d-flex flex-column product product-thumbnail mb-0 mb-sm-4 '])[19]/descendant::*/img)[1]' is displayed.</msg>
<status status="PASS" starttime="20220829 17:16:47.271" endtime="20220829 17:16:47.317"/>
</kw>
<kw name="Set Focus To Element" library="SeleniumLibrary">
<arg>(${CurrentProductList})[${product}]/descendant::*[@class='product_name']</arg>
<doc>Sets the focus to the element identified by ``locator``.</doc>
<status status="PASS" starttime="20220829 17:16:47.317" endtime="20220829 17:16:47.364"/>
</kw>
<kw name="Element Should Be Visible" library="SeleniumLibrary">
<arg>(${CurrentProductList})[${product}]/descendant::*[@class='product_name']</arg>
<doc>Verifies that the element identified by ``locator`` is visible.</doc>
<msg timestamp="20220829 17:16:47.427" level="INFO">Element '(//*[@class='d-flex flex-column product product-thumbnail mb-0 mb-sm-4 '])[19]/descendant::*[@class='product_name']' is displayed.</msg>
<status status="PASS" starttime="20220829 17:16:47.364" endtime="20220829 17:16:47.427"/>
</kw>
<status status="PASS" starttime="20220829 17:16:46.860" endtime="20220829 17:16:47.427"/>
</iter>
<iter>
<var name="${product}">20</var>
<kw name="Scroll Element Into View" library="SeleniumLibrary">
<arg>(${CurrentProductList})[${product}]</arg>
<doc>Scrolls the element identified by ``locator`` into view.</doc>
<status status="PASS" starttime="20220829 17:16:47.427" endtime="20220829 17:16:47.744"/>
</kw>
<kw name="Set Focus To Element" library="SeleniumLibrary">
<arg>(${CurrentProductList})[${product}]</arg>
<doc>Sets the focus to the element identified by ``locator``.</doc>
<status status="PASS" starttime="20220829 17:16:47.744" endtime="20220829 17:16:47.775"/>
</kw>
<kw name="Element Should Be Visible" library="SeleniumLibrary">
<arg>(${CurrentProductList})[${product}]</arg>
<doc>Verifies that the element identified by ``locator`` is visible.</doc>
<msg timestamp="20220829 17:16:47.916" level="INFO">Element '(//*[@class='d-flex flex-column product product-thumbnail mb-0 mb-sm-4 '])[20]' is displayed.</msg>
<status status="PASS" starttime="20220829 17:16:47.775" endtime="20220829 17:16:47.916"/>
</kw>
<kw name="Element Should Be Visible" library="SeleniumLibrary">
<arg>((${CurrentProductList})[${product}]/descendant::*/img)[1]</arg>
<doc>Verifies that the element identified by ``locator`` is visible.</doc>
<msg timestamp="20220829 17:16:48.010" level="INFO">Element '((//*[@class='d-flex flex-column product product-thumbnail mb-0 mb-sm-4 '])[20]/descendant::*/img)[1]' is displayed.</msg>
<status status="PASS" starttime="20220829 17:16:47.916" endtime="20220829 17:16:48.010"/>
</kw>
<kw name="Set Focus To Element" library="SeleniumLibrary">
<arg>(${CurrentProductList})[${product}]/descendant::*[@class='product_name']</arg>
<doc>Sets the focus to the element identified by ``locator``.</doc>
<status status="PASS" starttime="20220829 17:16:48.010" endtime="20220829 17:16:48.041"/>
</kw>
<kw name="Element Should Be Visible" library="SeleniumLibrary">
<arg>(${CurrentProductList})[${product}]/descendant::*[@class='product_name']</arg>
<doc>Verifies that the element identified by ``locator`` is visible.</doc>
<msg timestamp="20220829 17:16:48.088" level="INFO">Element '(//*[@class='d-flex flex-column product product-thumbnail mb-0 mb-sm-4 '])[20]/descendant::*[@class='product_name']' is displayed.</msg>
<status status="PASS" starttime="20220829 17:16:48.041" endtime="20220829 17:16:48.088"/>
</kw>
<status status="PASS" starttime="20220829 17:16:47.427" endtime="20220829 17:16:48.088"/>
</iter>
<iter>
<var name="${product}">21</var>
<kw name="Scroll Element Into View" library="SeleniumLibrary">
<arg>(${CurrentProductList})[${product}]</arg>
<doc>Scrolls the element identified by ``locator`` into view.</doc>
<status status="PASS" starttime="20220829 17:16:48.088" endtime="20220829 17:16:48.413"/>
</kw>
<kw name="Set Focus To Element" library="SeleniumLibrary">
<arg>(${CurrentProductList})[${product}]</arg>
<doc>Sets the focus to the element identified by ``locator``.</doc>
<status status="PASS" starttime="20220829 17:16:48.413" endtime="20220829 17:16:48.444"/>
</kw>
<kw name="Element Should Be Visible" library="SeleniumLibrary">
<arg>(${CurrentProductList})[${product}]</arg>
<doc>Verifies that the element identified by ``locator`` is visible.</doc>
<msg timestamp="20220829 17:16:48.491" level="INFO">Element '(//*[@class='d-flex flex-column product product-thumbnail mb-0 mb-sm-4 '])[21]' is displayed.</msg>
<status status="PASS" starttime="20220829 17:16:48.444" endtime="20220829 17:16:48.491"/>
</kw>
<kw name="Element Should Be Visible" library="SeleniumLibrary">
<arg>((${CurrentProductList})[${product}]/descendant::*/img)[1]</arg>
<doc>Verifies that the element identified by ``locator`` is visible.</doc>
<msg timestamp="20220829 17:16:48.553" level="INFO">Element '((//*[@class='d-flex flex-column product product-thumbnail mb-0 mb-sm-4 '])[21]/descendant::*/img)[1]' is displayed.</msg>
<status status="PASS" starttime="20220829 17:16:48.491" endtime="20220829 17:16:48.553"/>
</kw>
<kw name="Set Focus To Element" library="SeleniumLibrary">
<arg>(${CurrentProductList})[${product}]/descendant::*[@class='product_name']</arg>
<doc>Sets the focus to the element identified by ``locator``.</doc>
<status status="PASS" starttime="20220829 17:16:48.553" endtime="20220829 17:16:48.600"/>
</kw>
<kw name="Element Should Be Visible" library="SeleniumLibrary">
<arg>(${CurrentProductList})[${product}]/descendant::*[@class='product_name']</arg>
<doc>Verifies that the element identified by ``locator`` is visible.</doc>
<msg timestamp="20220829 17:16:48.647" level="INFO">Element '(//*[@class='d-flex flex-column product product-thumbnail mb-0 mb-sm-4 '])[21]/descendant::*[@class='product_name']' is displayed.</msg>
<status status="PASS" starttime="20220829 17:16:48.600" endtime="20220829 17:16:48.647"/>
</kw>
<status status="PASS" starttime="20220829 17:16:48.088" endtime="20220829 17:16:48.647"/>
</iter>
<iter>
<var name="${product}">22</var>
<kw name="Scroll Element Into View" library="SeleniumLibrary">
<arg>(${CurrentProductList})[${product}]</arg>
<doc>Scrolls the element identified by ``locator`` into view.</doc>
<status status="PASS" starttime="20220829 17:16:48.647" endtime="20220829 17:16:48.962"/>
</kw>
<kw name="Set Focus To Element" library="SeleniumLibrary">
<arg>(${CurrentProductList})[${product}]</arg>
<doc>Sets the focus to the element identified by ``locator``.</doc>
<status status="PASS" starttime="20220829 17:16:48.962" endtime="20220829 17:16:49.024"/>
</kw>
<kw name="Element Should Be Visible" library="SeleniumLibrary">
<arg>(${CurrentProductList})[${product}]</arg>
<doc>Verifies that the element identified by ``locator`` is visible.</doc>
<msg timestamp="20220829 17:16:49.071" level="INFO">Element '(//*[@class='d-flex flex-column product product-thumbnail mb-0 mb-sm-4 '])[22]' is displayed.</msg>
<status status="PASS" starttime="20220829 17:16:49.024" endtime="20220829 17:16:49.071"/>
</kw>
<kw name="Element Should Be Visible" library="SeleniumLibrary">
<arg>((${CurrentProductList})[${product}]/descendant::*/img)[1]</arg>
<doc>Verifies that the element identified by ``locator`` is visible.</doc>
<msg timestamp="20220829 17:16:49.118" level="INFO">Element '((//*[@class='d-flex flex-column product product-thumbnail mb-0 mb-sm-4 '])[22]/descendant::*/img)[1]' is displayed.</msg>
<status status="PASS" starttime="20220829 17:16:49.071" endtime="20220829 17:16:49.118"/>
</kw>
<kw name="Set Focus To Element" library="SeleniumLibrary">
<arg>(${CurrentProductList})[${product}]/descendant::*[@class='product_name']</arg>
<doc>Sets the focus to the element identified by ``locator``.</doc>
<status status="PASS" starttime="20220829 17:16:49.118" endtime="20220829 17:16:49.181"/>
</kw>
<kw name="Element Should Be Visible" library="SeleniumLibrary">
<arg>(${CurrentProductList})[${product}]/descendant::*[@class='product_name']</arg>
<doc>Verifies that the element identified by ``locator`` is visible.</doc>
<msg timestamp="20220829 17:16:49.228" level="INFO">Element '(//*[@class='d-flex flex-column product product-thumbnail mb-0 mb-sm-4 '])[22]/descendant::*[@class='product_name']' is displayed.</msg>
<status status="PASS" starttime="20220829 17:16:49.181" endtime="20220829 17:16:49.228"/>
</kw>
<status status="PASS" starttime="20220829 17:16:48.647" endtime="20220829 17:16:49.228"/>
</iter>
<iter>
<var name="${product}">23</var>
<kw name="Scroll Element Into View" library="SeleniumLibrary">
<arg>(${CurrentProductList})[${product}]</arg>
<doc>Scrolls the element identified by ``locator`` into view.</doc>
<status status="PASS" starttime="20220829 17:16:49.228" endtime="20220829 17:16:49.530"/>
</kw>
<kw name="Set Focus To Element" library="SeleniumLibrary">
<arg>(${CurrentProductList})[${product}]</arg>
<doc>Sets the focus to the element identified by ``locator``.</doc>
<status status="PASS" starttime="20220829 17:16:49.530" endtime="20220829 17:16:49.608"/>
</kw>
<kw name="Element Should Be Visible" library="SeleniumLibrary">
<arg>(${CurrentProductList})[${product}]</arg>
<doc>Verifies that the element identified by ``locator`` is visible.</doc>
<msg timestamp="20220829 17:16:49.655" level="INFO">Element '(//*[@class='d-flex flex-column product product-thumbnail mb-0 mb-sm-4 '])[23]' is displayed.</msg>
<status status="PASS" starttime="20220829 17:16:49.608" endtime="20220829 17:16:49.655"/>
</kw>
<kw name="Element Should Be Visible" library="SeleniumLibrary">
<arg>((${CurrentProductList})[${product}]/descendant::*/img)[1]</arg>
<doc>Verifies that the element identified by ``locator`` is visible.</doc>
<msg timestamp="20220829 17:16:49.702" level="INFO">Element '((//*[@class='d-flex flex-column product product-thumbnail mb-0 mb-sm-4 '])[23]/descendant::*/img)[1]' is displayed.</msg>
<status status="PASS" starttime="20220829 17:16:49.655" endtime="20220829 17:16:49.702"/>
</kw>
<kw name="Set Focus To Element" library="SeleniumLibrary">
<arg>(${CurrentProductList})[${product}]/descendant::*[@class='product_name']</arg>
<doc>Sets the focus to the element identified by ``locator``.</doc>
<status status="PASS" starttime="20220829 17:16:49.702" endtime="20220829 17:16:49.749"/>
</kw>
<kw name="Element Should Be Visible" library="SeleniumLibrary">
<arg>(${CurrentProductList})[${product}]/descendant::*[@class='product_name']</arg>
<doc>Verifies that the element identified by ``locator`` is visible.</doc>
<msg timestamp="20220829 17:16:49.905" level="INFO">Element '(//*[@class='d-flex flex-column product product-thumbnail mb-0 mb-sm-4 '])[23]/descendant::*[@class='product_name']' is displayed.</msg>
<status status="PASS" starttime="20220829 17:16:49.749" endtime="20220829 17:16:49.905"/>
</kw>
<status status="PASS" starttime="20220829 17:16:49.228" endtime="20220829 17:16:49.905"/>
</iter>
<iter>
<var name="${product}">24</var>
<kw name="Scroll Element Into View" library="SeleniumLibrary">
<arg>(${CurrentProductList})[${product}]</arg>
<doc>Scrolls the element identified by ``locator`` into view.</doc>
<status status="PASS" starttime="20220829 17:16:49.905" endtime="20220829 17:16:50.230"/>
</kw>
<kw name="Set Focus To Element" library="SeleniumLibrary">
<arg>(${CurrentProductList})[${product}]</arg>
<doc>Sets the focus to the element identified by ``locator``.</doc>
<status status="PASS" starttime="20220829 17:16:50.230" endtime="20220829 17:16:50.324"/>
</kw>
<kw name="Element Should Be Visible" library="SeleniumLibrary">
<arg>(${CurrentProductList})[${product}]</arg>
<doc>Verifies that the element identified by ``locator`` is visible.</doc>
<msg timestamp="20220829 17:16:50.389" level="INFO">Element '(//*[@class='d-flex flex-column product product-thumbnail mb-0 mb-sm-4 '])[24]' is displayed.</msg>
<status status="PASS" starttime="20220829 17:16:50.324" endtime="20220829 17:16:50.389"/>
</kw>
<kw name="Element Should Be Visible" library="SeleniumLibrary">
<arg>((${CurrentProductList})[${product}]/descendant::*/img)[1]</arg>
<doc>Verifies that the element identified by ``locator`` is visible.</doc>
<msg timestamp="20220829 17:16:50.427" level="INFO">Element '((//*[@class='d-flex flex-column product product-thumbnail mb-0 mb-sm-4 '])[24]/descendant::*/img)[1]' is displayed.</msg>
<status status="PASS" starttime="20220829 17:16:50.390" endtime="20220829 17:16:50.427"/>
</kw>
<kw name="Set Focus To Element" library="SeleniumLibrary">
<arg>(${CurrentProductList})[${product}]/descendant::*[@class='product_name']</arg>
<doc>Sets the focus to the element identified by ``locator``.</doc>
<status status="PASS" starttime="20220829 17:16:50.427" endtime="20220829 17:16:50.478"/>
</kw>
<kw name="Element Should Be Visible" library="SeleniumLibrary">
<arg>(${CurrentProductList})[${product}]/descendant::*[@class='product_name']</arg>
<doc>Verifies that the element identified by ``locator`` is visible.</doc>
<msg timestamp="20220829 17:16:50.528" level="INFO">Element '(//*[@class='d-flex flex-column product product-thumbnail mb-0 mb-sm-4 '])[24]/descendant::*[@class='product_name']' is displayed.</msg>
<status status="PASS" starttime="20220829 17:16:50.478" endtime="20220829 17:16:50.528"/>
</kw>
<status status="PASS" starttime="20220829 17:16:49.905" endtime="20220829 17:16:50.528"/>
</iter>
<status status="PASS" starttime="20220829 17:16:35.931" endtime="20220829 17:16:50.528"/>
</for>
<status status="PASS" starttime="20220829 17:16:35.540" endtime="20220829 17:16:50.528"/>
</kw>
<status status="PASS" starttime="20220829 17:15:53.056" endtime="20220829 17:16:50.528"/>
</test>
<kw name="Close Browser" library="SeleniumLibrary" type="TEARDOWN">
<doc>Closes the current browser.</doc>
<status status="PASS" starttime="20220829 17:16:50.528" endtime="20220829 17:16:52.993"/>
</kw>
<status status="PASS" starttime="20220829 17:15:43.502" endtime="20220829 17:16:52.993"/>
</suite>
<statistics>
<total>
<stat pass="1" fail="0" skip="0">All Tests</stat>
</total>
<tag>
</tag>
<suite>
<stat pass="1" fail="0" skip="0" id="s1" name="CategoryLandingPage">CategoryLandingPage</stat>
</suite>
</statistics>
<errors>
</errors>
</robot>
